Using pre-set license
Built from '6000.0/staging' branch; Version is '6000.0.31f1 (a206c360e2a8) revision 10618563'; Using compiler version '193933523'; Build Type 'Release'
OS: 'Windows 10  (10.0.19045) 64bit Core' Language: 'fr' Physical Memory: 15713 MB
BatchMode: 1, IsHumanControllingUs: 0, StartBugReporterOnCrash: 0, Is64bit: 1, IsPro: 1

COMMAND LINE ARGUMENTS:
C:\Program Files\Unity\Hub\Editor\6000.0.31f1\Editor\Unity.exe
-adb2
-batchMode
-noUpm
-name
AssetImportWorker6
-projectPath
C:/Users/aurel/ECS game
-logFile
Logs/AssetImportWorker6.log
-srvPort
50533
-job-worker-count
5
-background-job-worker-count
8
-gc-helper-count
1
Successfully changed project path to: C:/Users/aurel/ECS game
C:/Users/aurel/ECS game
[UnityMemory] Configuration Parameters - Can be set up in boot.config
    "memorysetup-bucket-allocator-granularity=16"
    "memorysetup-bucket-allocator-bucket-count=8"
    "memorysetup-bucket-allocator-block-size=33554432"
    "memorysetup-bucket-allocator-block-count=8"
    "memorysetup-main-allocator-block-size=16777216"
    "memorysetup-thread-allocator-block-size=16777216"
    "memorysetup-gfx-main-allocator-block-size=16777216"
    "memorysetup-gfx-thread-allocator-block-size=16777216"
    "memorysetup-cache-allocator-block-size=4194304"
    "memorysetup-typetree-allocator-block-size=2097152"
    "memorysetup-profiler-bucket-allocator-granularity=16"
    "memorysetup-profiler-bucket-allocator-bucket-count=8"
    "memorysetup-profiler-bucket-allocator-block-size=33554432"
    "memorysetup-profiler-bucket-allocator-block-count=8"
    "memorysetup-profiler-allocator-block-size=16777216"
    "memorysetup-profiler-editor-allocator-block-size=1048576"
    "memorysetup-temp-allocator-size-main=16777216"
    "memorysetup-job-temp-allocator-block-size=2097152"
    "memorysetup-job-temp-allocator-block-size-background=1048576"
    "memorysetup-job-temp-allocator-reduction-small-platforms=262144"
    "memorysetup-allocator-temp-initial-block-size-main=262144"
    "memorysetup-allocator-temp-initial-block-size-worker=262144"
    "memorysetup-temp-allocator-size-background-worker=32768"
    "memorysetup-temp-allocator-size-job-worker=262144"
    "memorysetup-temp-allocator-size-preload-manager=33554432"
    "memorysetup-temp-allocator-size-nav-mesh-worker=65536"
    "memorysetup-temp-allocator-size-audio-worker=65536"
    "memorysetup-temp-allocator-size-cloud-worker=32768"
    "memorysetup-temp-allocator-size-gi-baking-worker=262144"
    "memorysetup-temp-allocator-size-gi-baking-worker=262144"
    "memorysetup-temp-allocator-size-gi-baking-worker=262144"
    "memorysetup-temp-allocator-size-gi-baking-worker=262144"
    "memorysetup-temp-allocator-size-gi-baking-worker=262144"
    "memorysetup-temp-allocator-size-gfx=262144"
Player connection [1476]  Target information:

Player connection [1476]  * "[IP] 192.168.56.1 [Port] 0 [Flags] 2 [Guid] 3807691996 [EditorId] 3807691996 [Version] 1048832 [Id] WindowsEditor(7,DESKTOP-03JMI4G) [Debug] 1 [PackageName] WindowsEditor [ProjectName] Editor" 

Player connection [1476]  * "[IP] 10.5.0.2 [Port] 0 [Flags] 2 [Guid] 3807691996 [EditorId] 3807691996 [Version] 1048832 [Id] WindowsEditor(7,DESKTOP-03JMI4G) [Debug] 1 [PackageName] WindowsEditor [ProjectName] Editor" 

Player connection [1476]  * "[IP] 10.1.224.104 [Port] 0 [Flags] 2 [Guid] 3807691996 [EditorId] 3807691996 [Version] 1048832 [Id] WindowsEditor(7,DESKTOP-03JMI4G) [Debug] 1 [PackageName] WindowsEditor [ProjectName] Editor" 

Player connection [1476] Host joined multi-casting on [225.0.0.222:54997]...
Player connection [1476] Host joined alternative multi-casting on [225.0.0.222:34997]...
JobSystem: Creating JobQueue using job-worker-count value 5
[Physics::Module] Initialized fallback backend.
[Physics::Module] Id: 0xdecafbad
Library Redirect Path: Library/
[Physics::Module] Selected backend.
[Physics::Module] Name: PhysX
[Physics::Module] Id: 0xf2b8ea05
[Physics::Module] SDK Version: 4.1.2
[Physics::Module] Integration Version: 1.0.0
[Physics::Module] Threading Mode: Multi-Threaded
Refreshing native plugins compatible for Editor in 279.31 ms, found 4 plugins.
Preloading 0 native plugins for Editor in 0.00 ms.
Initialize engine version: 6000.0.31f1 (a206c360e2a8)
[Subsystems] Discovering subsystems at path C:/Program Files/Unity/Hub/Editor/6000.0.31f1/Editor/Data/Resources/UnitySubsystems
[Subsystems] Discovering subsystems at path C:/Users/aurel/ECS game/Assets
GfxDevice: creating device client; kGfxThreadingModeNonThreaded
Direct3D:
    Version:  Direct3D 11.0 [level 11.1]
    Renderer: AMD Radeon(TM) Graphics (ID=0x164c)
    Vendor:   ATI
    VRAM:     7856 MB
    Driver:   27.20.21020.3
Initialize mono
Mono path[0] = 'C:/Program Files/Unity/Hub/Editor/6000.0.31f1/Editor/Data/Managed'
Mono path[1] = 'C:/Program Files/Unity/Hub/Editor/6000.0.31f1/Editor/Data/MonoBleedingEdge/lib/mono/unityjit-win32'
Mono config path = 'C:/Program Files/Unity/Hub/Editor/6000.0.31f1/Editor/Data/MonoBleedingEdge/etc'
Using monoOptions --debugger-agent=transport=dt_socket,embedding=1,server=y,suspend=n,address=127.0.0.1:56516
Begin MonoManager ReloadAssembly
Registering precompiled unity dll's ...
Register platform support module: C:/Program Files/Unity/Hub/Editor/6000.0.31f1/Editor/Data/PlaybackEngines/WebGLSupport/UnityEditor.WebGL.Extensions.dll
Register platform support module: C:/Program Files/Unity/Hub/Editor/6000.0.31f1/Editor/Data/PlaybackEngines/WindowsStandaloneSupport/UnityEditor.WindowsStandalone.Extensions.dll
Registered in 0.008515 seconds.
- Loaded All Assemblies, in  2.635 seconds
Native extension for WindowsStandalone target not found
Native extension for WebGL target not found
Mono: successfully reloaded assembly
- Finished resetting the current domain, in  0.696 seconds
Domain Reload Profiling: 3324ms
	BeginReloadAssembly (264ms)
		ExecutionOrderSort (0ms)
		DisableScriptedObjects (0ms)
		BackupInstance (0ms)
		ReleaseScriptingObjects (0ms)
		CreateAndSetChildDomain (1ms)
	RebuildCommonClasses (561ms)
	RebuildNativeTypeToScriptingClass (19ms)
	initialDomainReloadingComplete (103ms)
	LoadAllAssembliesAndSetupDomain (1681ms)
		LoadAssemblies (255ms)
		RebuildTransferFunctionScriptingTraits (0ms)
		AnalyzeDomain (1674ms)
			TypeCache.Refresh (1670ms)
				TypeCache.ScanAssembly (1632ms)
			BuildScriptInfoCaches (0ms)
			ResolveRequiredComponents (2ms)
	FinalizeReload (697ms)
		ReleaseScriptCaches (0ms)
		RebuildScriptCaches (0ms)
		SetupLoadedEditorAssemblies (583ms)
			LogAssemblyErrors (0ms)
			InitializePlatformSupportModulesInManaged (69ms)
			SetLoadedEditorAssemblies (8ms)
			BeforeProcessingInitializeOnLoad (101ms)
			ProcessInitializeOnLoadAttributes (289ms)
			ProcessInitializeOnLoadMethodAttributes (116ms)
			AfterProcessingInitializeOnLoad (0ms)
			EditorAssembliesLoaded (0ms)
		ExecutionOrderSort2 (0ms)
		AwakeInstancesAfterBackupRestoration (0ms)
Assembly reference Packages/com.unity.entities/Unity.Scenes.Editor/Internals/Properties/Unity.Properties.Internals.asmref has no target assembly definition
========================================================================
Worker process is ready to serve import requests
Import Worker Mode flag is 0x00
Assembly reference Packages/com.unity.entities/Unity.Scenes.Editor/Internals/Properties/Unity.Properties.Internals.asmref has no target assembly definition
Assembly reference Packages/com.unity.entities/Unity.Scenes.Editor/Internals/Properties/Unity.Properties.Internals.asmref has no target assembly definition
Begin MonoManager ReloadAssembly
- Loaded All Assemblies, in  2.027 seconds
Assembly reference Packages/com.unity.entities/Unity.Scenes.Editor/Internals/Properties/Unity.Properties.Internals.asmref has no target assembly definition
Refreshing native plugins compatible for Editor in 3.45 ms, found 4 plugins.
Native extension for WindowsStandalone target not found
Native extension for WebGL target not found
Assembly reference Packages/com.unity.entities/Unity.Scenes.Editor/Internals/Properties/Unity.Properties.Internals.asmref has no target assembly definition
TypeManager.Initialize took: 693ms
Mono: successfully reloaded assembly
- Finished resetting the current domain, in  3.183 seconds
Domain Reload Profiling: 5185ms
	BeginReloadAssembly (323ms)
		ExecutionOrderSort (0ms)
		DisableScriptedObjects (12ms)
		BackupInstance (0ms)
		ReleaseScriptingObjects (0ms)
		CreateAndSetChildDomain (44ms)
	RebuildCommonClasses (63ms)
	RebuildNativeTypeToScriptingClass (34ms)
	initialDomainReloadingComplete (82ms)
	LoadAllAssembliesAndSetupDomain (1500ms)
		LoadAssemblies (993ms)
		RebuildTransferFunctionScriptingTraits (0ms)
		AnalyzeDomain (714ms)
			TypeCache.Refresh (567ms)
				TypeCache.ScanAssembly (519ms)
			BuildScriptInfoCaches (121ms)
			ResolveRequiredComponents (20ms)
	FinalizeReload (3184ms)
		ReleaseScriptCaches (0ms)
		RebuildScriptCaches (0ms)
		SetupLoadedEditorAssemblies (2193ms)
			LogAssemblyErrors (0ms)
			InitializePlatformSupportModulesInManaged (5ms)
			SetLoadedEditorAssemblies (12ms)
			BeforeProcessingInitializeOnLoad (257ms)
			ProcessInitializeOnLoadAttributes (1519ms)
			ProcessInitializeOnLoadMethodAttributes (380ms)
			AfterProcessingInitializeOnLoad (19ms)
			EditorAssembliesLoaded (1ms)
		ExecutionOrderSort2 (0ms)
		AwakeInstancesAfterBackupRestoration (13ms)
Launched and connected shader compiler UnityShaderCompiler.exe after 0.08 seconds
Refreshing native plugins compatible for Editor in 3.27 ms, found 4 plugins.
Preloading 0 native plugins for Editor in 0.00 ms.
Unloading 222 Unused Serialized files (Serialized files now loaded: 0)
Unloading 8000 unused Assets / (6.1 MB). Loaded Objects now: 8689.
Memory consumption went from 197.3 MB to 191.1 MB.
Total: 23.377400 ms (FindLiveObjects: 1.794600 ms CreateObjectMapping: 1.863600 ms MarkObjects: 12.729400 ms  DeleteObjects: 6.986700 ms)

========================================================================
Received Import Request.
  Time since last request: 117411.289824 seconds.
  path: Assets/ModularFirstPersonController/DemoScene/Demo.unity
  artifactKey: Guid(9fc0d4010bbf28b4594072e72b8655ab) Importer(2089858483,192608db42251d675da83286b1cce702)
Start importing Assets/ModularFirstPersonController/DemoScene/Demo.unity using Guid(9fc0d4010bbf28b4594072e72b8655ab) Importer(2089858483,192608db42251d675da83286b1cce702) (ScriptedImporter) -> (artifact id: 'f1720cf21f8f362fcf3f9c7121c1afe7') in 0.2805409 seconds
Number of updated asset objects reloaded before import = 0Number of asset objects unloaded after import = 1

========================================================================
Received Prepare
Refreshing native plugins compatible for Editor in 7.29 ms, found 4 plugins.
Preloading 0 native plugins for Editor in 0.00 ms.
Unloading 17 Unused Serialized files (Serialized files now loaded: 0)
Unloading 7988 unused Assets / (4.9 MB). Loaded Objects now: 8691.
Memory consumption went from 161.5 MB to 156.6 MB.
Total: 24.309000 ms (FindLiveObjects: 3.360500 ms CreateObjectMapping: 2.099200 ms MarkObjects: 13.110200 ms  DeleteObjects: 5.736200 ms)

Prepare: number of updated asset objects reloaded= 0
========================================================================
Received Import Request.
  Time since last request: 332.948369 seconds.
  path: Assets/Script/ECS/CollisionSystem.cs
  artifactKey: Guid(ef56b6cbc372590438180c5636f410ee) Importer(2089858483,192608db42251d675da83286b1cce702)
Start importing Assets/Script/ECS/CollisionSystem.cs using Guid(ef56b6cbc372590438180c5636f410ee) Importer(2089858483,192608db42251d675da83286b1cce702) (ScriptedImporter) -> (artifact id: '9d3dbd6d2557a55fdd2d2ecce45b55e7') in 0.0679555 seconds
Number of updated asset objects reloaded before import = 0Number of asset objects unloaded after import = 0

========================================================================
Received Prepare
Assembly reference Packages/com.unity.entities/Unity.Scenes.Editor/Internals/Properties/Unity.Properties.Internals.asmref has no target assembly definition
Assembly reference Packages/com.unity.entities/Unity.Scenes.Editor/Internals/Properties/Unity.Properties.Internals.asmref has no target assembly definition
Begin MonoManager ReloadAssembly
- Loaded All Assemblies, in  1.491 seconds
Assembly reference Packages/com.unity.entities/Unity.Scenes.Editor/Internals/Properties/Unity.Properties.Internals.asmref has no target assembly definition
Refreshing native plugins compatible for Editor in 3.43 ms, found 4 plugins.
Native extension for WindowsStandalone target not found
Native extension for WebGL target not found
Assembly reference Packages/com.unity.entities/Unity.Scenes.Editor/Internals/Properties/Unity.Properties.Internals.asmref has no target assembly definition
TypeManager.Initialize took: 684ms
Mono: successfully reloaded assembly
- Finished resetting the current domain, in  2.490 seconds
Domain Reload Profiling: 3973ms
	BeginReloadAssembly (405ms)
		ExecutionOrderSort (0ms)
		DisableScriptedObjects (8ms)
		BackupInstance (0ms)
		ReleaseScriptingObjects (0ms)
		CreateAndSetChildDomain (148ms)
	RebuildCommonClasses (52ms)
	RebuildNativeTypeToScriptingClass (17ms)
	initialDomainReloadingComplete (66ms)
	LoadAllAssembliesAndSetupDomain (941ms)
		LoadAssemblies (756ms)
		RebuildTransferFunctionScriptingTraits (0ms)
		AnalyzeDomain (368ms)
			TypeCache.Refresh (20ms)
				TypeCache.ScanAssembly (6ms)
			BuildScriptInfoCaches (323ms)
			ResolveRequiredComponents (18ms)
	FinalizeReload (2491ms)
		ReleaseScriptCaches (0ms)
		RebuildScriptCaches (0ms)
		SetupLoadedEditorAssemblies (2094ms)
			LogAssemblyErrors (0ms)
			InitializePlatformSupportModulesInManaged (5ms)
			SetLoadedEditorAssemblies (9ms)
			BeforeProcessingInitializeOnLoad (250ms)
			ProcessInitializeOnLoadAttributes (1465ms)
			ProcessInitializeOnLoadMethodAttributes (352ms)
			AfterProcessingInitializeOnLoad (13ms)
			EditorAssembliesLoaded (1ms)
		ExecutionOrderSort2 (0ms)
		AwakeInstancesAfterBackupRestoration (16ms)
Refreshing native plugins compatible for Editor in 3.40 ms, found 4 plugins.
Preloading 0 native plugins for Editor in 0.00 ms.
Unloading 27 Unused Serialized files (Serialized files now loaded: 0)
Unloading 8001 unused Assets / (5.4 MB). Loaded Objects now: 8703.
Memory consumption went from 176.9 MB to 171.5 MB.
Total: 16.826700 ms (FindLiveObjects: 1.276400 ms CreateObjectMapping: 1.168200 ms MarkObjects: 9.763200 ms  DeleteObjects: 4.615900 ms)

Unloading 0 Unused Serialized files (Serialized files now loaded: 0)
Unloading 0 unused Assets / (5.3 MB). Loaded Objects now: 8703.
Memory consumption went from 171.5 MB to 166.1 MB.
Total: 11.170400 ms (FindLiveObjects: 0.674200 ms CreateObjectMapping: 0.706200 ms MarkObjects: 8.177800 ms  DeleteObjects: 1.610000 ms)

Prepare: number of updated asset objects reloaded= 0
========================================================================
Received Prepare
Refreshing native plugins compatible for Editor in 16.18 ms, found 4 plugins.
Preloading 0 native plugins for Editor in 0.00 ms.
Unloading 17 Unused Serialized files (Serialized files now loaded: 0)
Unloading 7988 unused Assets / (4.9 MB). Loaded Objects now: 8703.
Memory consumption went from 175.3 MB to 170.5 MB.
Total: 281.363300 ms (FindLiveObjects: 4.656500 ms CreateObjectMapping: 2.590100 ms MarkObjects: 267.257000 ms  DeleteObjects: 6.854900 ms)

Prepare: number of updated asset objects reloaded= 0
========================================================================
Received Prepare
Assembly reference Packages/com.unity.entities/Unity.Scenes.Editor/Internals/Properties/Unity.Properties.Internals.asmref has no target assembly definition
Assembly reference Packages/com.unity.entities/Unity.Scenes.Editor/Internals/Properties/Unity.Properties.Internals.asmref has no target assembly definition
Begin MonoManager ReloadAssembly
- Loaded All Assemblies, in  3.536 seconds
Assembly reference Packages/com.unity.entities/Unity.Scenes.Editor/Internals/Properties/Unity.Properties.Internals.asmref has no target assembly definition
Refreshing native plugins compatible for Editor in 5.51 ms, found 4 plugins.
Native extension for WindowsStandalone target not found
Native extension for WebGL target not found
Assembly reference Packages/com.unity.entities/Unity.Scenes.Editor/Internals/Properties/Unity.Properties.Internals.asmref has no target assembly definition
TypeManager.Initialize took: 596ms
Mono: successfully reloaded assembly
- Finished resetting the current domain, in  2.136 seconds
Domain Reload Profiling: 5660ms
	BeginReloadAssembly (1336ms)
		ExecutionOrderSort (0ms)
		DisableScriptedObjects (87ms)
		BackupInstance (0ms)
		ReleaseScriptingObjects (1ms)
		CreateAndSetChildDomain (460ms)
	RebuildCommonClasses (92ms)
	RebuildNativeTypeToScriptingClass (22ms)
	initialDomainReloadingComplete (100ms)
	LoadAllAssembliesAndSetupDomain (1975ms)
		LoadAssemblies (1944ms)
		RebuildTransferFunctionScriptingTraits (0ms)
		AnalyzeDomain (601ms)
			TypeCache.Refresh (74ms)
				TypeCache.ScanAssembly (19ms)
			BuildScriptInfoCaches (479ms)
			ResolveRequiredComponents (23ms)
	FinalizeReload (2137ms)
		ReleaseScriptCaches (0ms)
		RebuildScriptCaches (0ms)
		SetupLoadedEditorAssemblies (1788ms)
			LogAssemblyErrors (0ms)
			InitializePlatformSupportModulesInManaged (8ms)
			SetLoadedEditorAssemblies (10ms)
			BeforeProcessingInitializeOnLoad (211ms)
			ProcessInitializeOnLoadAttributes (1288ms)
			ProcessInitializeOnLoadMethodAttributes (260ms)
			AfterProcessingInitializeOnLoad (11ms)
			EditorAssembliesLoaded (1ms)
		ExecutionOrderSort2 (0ms)
		AwakeInstancesAfterBackupRestoration (15ms)
Refreshing native plugins compatible for Editor in 3.61 ms, found 4 plugins.
Preloading 0 native plugins for Editor in 0.00 ms.
Unloading 17 Unused Serialized files (Serialized files now loaded: 0)
Unloading 8000 unused Assets / (5.6 MB). Loaded Objects now: 8703.
Memory consumption went from 175.2 MB to 169.5 MB.
Total: 19.965500 ms (FindLiveObjects: 1.168000 ms CreateObjectMapping: 1.404000 ms MarkObjects: 11.790300 ms  DeleteObjects: 5.601100 ms)

Unloading 0 Unused Serialized files (Serialized files now loaded: 0)
Unloading 0 unused Assets / (4.6 MB). Loaded Objects now: 8703.
Memory consumption went from 169.0 MB to 164.4 MB.
Total: 12.290800 ms (FindLiveObjects: 0.765500 ms CreateObjectMapping: 0.677400 ms MarkObjects: 8.702500 ms  DeleteObjects: 2.141200 ms)

Prepare: number of updated asset objects reloaded= 0
========================================================================
Received Prepare
Refreshing native plugins compatible for Editor in 20.70 ms, found 4 plugins.
Preloading 0 native plugins for Editor in 0.00 ms.
Unloading 17 Unused Serialized files (Serialized files now loaded: 0)
Unloading 7988 unused Assets / (5.1 MB). Loaded Objects now: 8703.
Memory consumption went from 175.3 MB to 170.2 MB.
Total: 79.642300 ms (FindLiveObjects: 4.566700 ms CreateObjectMapping: 13.216400 ms MarkObjects: 52.038200 ms  DeleteObjects: 9.815600 ms)

Prepare: number of updated asset objects reloaded= 0
========================================================================
Received Prepare
Assembly reference Packages/com.unity.entities/Unity.Scenes.Editor/Internals/Properties/Unity.Properties.Internals.asmref has no target assembly definition
Assembly reference Packages/com.unity.entities/Unity.Scenes.Editor/Internals/Properties/Unity.Properties.Internals.asmref has no target assembly definition
Begin MonoManager ReloadAssembly
- Loaded All Assemblies, in  1.358 seconds
Assembly reference Packages/com.unity.entities/Unity.Scenes.Editor/Internals/Properties/Unity.Properties.Internals.asmref has no target assembly definition
Refreshing native plugins compatible for Editor in 4.92 ms, found 4 plugins.
Native extension for WindowsStandalone target not found
Native extension for WebGL target not found
Assembly reference Packages/com.unity.entities/Unity.Scenes.Editor/Internals/Properties/Unity.Properties.Internals.asmref has no target assembly definition
TypeManager.Initialize took: 546ms
Mono: successfully reloaded assembly
- Finished resetting the current domain, in  2.211 seconds
Domain Reload Profiling: 3565ms
	BeginReloadAssembly (318ms)
		ExecutionOrderSort (0ms)
		DisableScriptedObjects (7ms)
		BackupInstance (0ms)
		ReleaseScriptingObjects (0ms)
		CreateAndSetChildDomain (111ms)
	RebuildCommonClasses (49ms)
	RebuildNativeTypeToScriptingClass (22ms)
	initialDomainReloadingComplete (45ms)
	LoadAllAssembliesAndSetupDomain (920ms)
		LoadAssemblies (649ms)
		RebuildTransferFunctionScriptingTraits (0ms)
		AnalyzeDomain (401ms)
			TypeCache.Refresh (19ms)
				TypeCache.ScanAssembly (5ms)
			BuildScriptInfoCaches (351ms)
			ResolveRequiredComponents (24ms)
	FinalizeReload (2212ms)
		ReleaseScriptCaches (0ms)
		RebuildScriptCaches (0ms)
		SetupLoadedEditorAssemblies (1839ms)
			LogAssemblyErrors (0ms)
			InitializePlatformSupportModulesInManaged (7ms)
			SetLoadedEditorAssemblies (9ms)
			BeforeProcessingInitializeOnLoad (216ms)
			ProcessInitializeOnLoadAttributes (1213ms)
			ProcessInitializeOnLoadMethodAttributes (381ms)
			AfterProcessingInitializeOnLoad (14ms)
			EditorAssembliesLoaded (1ms)
		ExecutionOrderSort2 (0ms)
		AwakeInstancesAfterBackupRestoration (16ms)
Refreshing native plugins compatible for Editor in 3.60 ms, found 4 plugins.
Preloading 0 native plugins for Editor in 0.00 ms.
Unloading 17 Unused Serialized files (Serialized files now loaded: 0)
Unloading 8000 unused Assets / (5.3 MB). Loaded Objects now: 8703.
Memory consumption went from 175.2 MB to 169.9 MB.
Total: 17.853300 ms (FindLiveObjects: 1.066000 ms CreateObjectMapping: 1.489500 ms MarkObjects: 10.396800 ms  DeleteObjects: 4.898500 ms)

Unloading 0 Unused Serialized files (Serialized files now loaded: 0)
Unloading 0 unused Assets / (5.3 MB). Loaded Objects now: 8703.
Memory consumption went from 169.7 MB to 164.4 MB.
Total: 14.780700 ms (FindLiveObjects: 0.961100 ms CreateObjectMapping: 0.951400 ms MarkObjects: 10.512200 ms  DeleteObjects: 2.353000 ms)

Prepare: number of updated asset objects reloaded= 0
========================================================================
Received Prepare
Refreshing native plugins compatible for Editor in 5.62 ms, found 4 plugins.
Preloading 0 native plugins for Editor in 0.00 ms.
Unloading 17 Unused Serialized files (Serialized files now loaded: 0)
Unloading 7988 unused Assets / (6.1 MB). Loaded Objects now: 8703.
Memory consumption went from 175.3 MB to 169.2 MB.
Total: 28.225500 ms (FindLiveObjects: 2.433600 ms CreateObjectMapping: 3.139500 ms MarkObjects: 15.084700 ms  DeleteObjects: 7.563500 ms)

Prepare: number of updated asset objects reloaded= 0
========================================================================
Received Prepare
Assembly reference Packages/com.unity.entities/Unity.Scenes.Editor/Internals/Properties/Unity.Properties.Internals.asmref has no target assembly definition
Assembly reference Packages/com.unity.entities/Unity.Scenes.Editor/Internals/Properties/Unity.Properties.Internals.asmref has no target assembly definition
Begin MonoManager ReloadAssembly
- Loaded All Assemblies, in  1.750 seconds
Assembly reference Packages/com.unity.entities/Unity.Scenes.Editor/Internals/Properties/Unity.Properties.Internals.asmref has no target assembly definition
Refreshing native plugins compatible for Editor in 2.88 ms, found 4 plugins.
Native extension for WindowsStandalone target not found
Native extension for WebGL target not found
Assembly reference Packages/com.unity.entities/Unity.Scenes.Editor/Internals/Properties/Unity.Properties.Internals.asmref has no target assembly definition
TypeManager.Initialize took: 535ms
Mono: successfully reloaded assembly
- Finished resetting the current domain, in  1.917 seconds
Domain Reload Profiling: 3649ms
	BeginReloadAssembly (320ms)
		ExecutionOrderSort (0ms)
		DisableScriptedObjects (7ms)
		BackupInstance (0ms)
		ReleaseScriptingObjects (0ms)
		CreateAndSetChildDomain (122ms)
	RebuildCommonClasses (49ms)
	RebuildNativeTypeToScriptingClass (17ms)
	initialDomainReloadingComplete (264ms)
	LoadAllAssembliesAndSetupDomain (1082ms)
		LoadAssemblies (871ms)
		RebuildTransferFunctionScriptingTraits (0ms)
		AnalyzeDomain (341ms)
			TypeCache.Refresh (27ms)
				TypeCache.ScanAssembly (8ms)
			BuildScriptInfoCaches (294ms)
			ResolveRequiredComponents (15ms)
	FinalizeReload (1918ms)
		ReleaseScriptCaches (0ms)
		RebuildScriptCaches (0ms)
		SetupLoadedEditorAssemblies (1628ms)
			LogAssemblyErrors (0ms)
			InitializePlatformSupportModulesInManaged (4ms)
			SetLoadedEditorAssemblies (8ms)
			BeforeProcessingInitializeOnLoad (190ms)
			ProcessInitializeOnLoadAttributes (1138ms)
			ProcessInitializeOnLoadMethodAttributes (274ms)
			AfterProcessingInitializeOnLoad (14ms)
			EditorAssembliesLoaded (1ms)
		ExecutionOrderSort2 (0ms)
		AwakeInstancesAfterBackupRestoration (20ms)
Refreshing native plugins compatible for Editor in 2.76 ms, found 4 plugins.
Preloading 0 native plugins for Editor in 0.00 ms.
Unloading 17 Unused Serialized files (Serialized files now loaded: 0)
Unloading 8000 unused Assets / (6.3 MB). Loaded Objects now: 8703.
Memory consumption went from 175.0 MB to 168.7 MB.
Total: 19.316300 ms (FindLiveObjects: 1.142000 ms CreateObjectMapping: 1.811600 ms MarkObjects: 10.140300 ms  DeleteObjects: 6.220100 ms)

Unloading 0 Unused Serialized files (Serialized files now loaded: 0)
Unloading 0 unused Assets / (4.3 MB). Loaded Objects now: 8703.
Memory consumption went from 168.6 MB to 164.3 MB.
Total: 11.977300 ms (FindLiveObjects: 0.779600 ms CreateObjectMapping: 0.779300 ms MarkObjects: 8.249600 ms  DeleteObjects: 2.166100 ms)

Prepare: number of updated asset objects reloaded= 0
========================================================================
Received Prepare
Refreshing native plugins compatible for Editor in 3.70 ms, found 4 plugins.
Preloading 0 native plugins for Editor in 0.00 ms.
Unloading 17 Unused Serialized files (Serialized files now loaded: 0)
Unloading 7988 unused Assets / (5.8 MB). Loaded Objects now: 8703.
Memory consumption went from 175.2 MB to 169.3 MB.
Total: 184.884500 ms (FindLiveObjects: 5.068300 ms CreateObjectMapping: 2.478100 ms MarkObjects: 170.386400 ms  DeleteObjects: 6.948500 ms)

Prepare: number of updated asset objects reloaded= 0
========================================================================
Received Prepare
Assembly reference Packages/com.unity.entities/Unity.Scenes.Editor/Internals/Properties/Unity.Properties.Internals.asmref has no target assembly definition
Assembly reference Packages/com.unity.entities/Unity.Scenes.Editor/Internals/Properties/Unity.Properties.Internals.asmref has no target assembly definition
Begin MonoManager ReloadAssembly
- Loaded All Assemblies, in  2.665 seconds
Assembly reference Packages/com.unity.entities/Unity.Scenes.Editor/Internals/Properties/Unity.Properties.Internals.asmref has no target assembly definition
Refreshing native plugins compatible for Editor in 6.78 ms, found 4 plugins.
Native extension for WindowsStandalone target not found
Native extension for WebGL target not found
Assembly reference Packages/com.unity.entities/Unity.Scenes.Editor/Internals/Properties/Unity.Properties.Internals.asmref has no target assembly definition
TypeManager.Initialize took: 723ms
Mono: successfully reloaded assembly
- Finished resetting the current domain, in  2.613 seconds
Domain Reload Profiling: 5271ms
	BeginReloadAssembly (678ms)
		ExecutionOrderSort (0ms)
		DisableScriptedObjects (53ms)
		BackupInstance (0ms)
		ReleaseScriptingObjects (1ms)
		CreateAndSetChildDomain (257ms)
	RebuildCommonClasses (54ms)
	RebuildNativeTypeToScriptingClass (17ms)
	initialDomainReloadingComplete (57ms)
	LoadAllAssembliesAndSetupDomain (1851ms)
		LoadAssemblies (1632ms)
		RebuildTransferFunctionScriptingTraits (0ms)
		AnalyzeDomain (440ms)
			TypeCache.Refresh (40ms)
				TypeCache.ScanAssembly (6ms)
			BuildScriptInfoCaches (366ms)
			ResolveRequiredComponents (19ms)
	FinalizeReload (2614ms)
		ReleaseScriptCaches (0ms)
		RebuildScriptCaches (0ms)
		SetupLoadedEditorAssemblies (2153ms)
			LogAssemblyErrors (0ms)
			InitializePlatformSupportModulesInManaged (5ms)
			SetLoadedEditorAssemblies (9ms)
			BeforeProcessingInitializeOnLoad (228ms)
			ProcessInitializeOnLoadAttributes (1561ms)
			ProcessInitializeOnLoadMethodAttributes (335ms)
			AfterProcessingInitializeOnLoad (14ms)
			EditorAssembliesLoaded (1ms)
		ExecutionOrderSort2 (0ms)
		AwakeInstancesAfterBackupRestoration (19ms)
Refreshing native plugins compatible for Editor in 3.61 ms, found 4 plugins.
Preloading 0 native plugins for Editor in 0.00 ms.
Unloading 17 Unused Serialized files (Serialized files now loaded: 0)
Unloading 8000 unused Assets / (6.1 MB). Loaded Objects now: 8703.
Memory consumption went from 174.9 MB to 168.9 MB.
Total: 28.084400 ms (FindLiveObjects: 1.379900 ms CreateObjectMapping: 2.121600 ms MarkObjects: 16.394000 ms  DeleteObjects: 8.185600 ms)

Unloading 0 Unused Serialized files (Serialized files now loaded: 0)
Unloading 0 unused Assets / (4.4 MB). Loaded Objects now: 8703.
Memory consumption went from 168.6 MB to 164.2 MB.
Total: 15.219700 ms (FindLiveObjects: 1.166800 ms CreateObjectMapping: 0.979200 ms MarkObjects: 11.146400 ms  DeleteObjects: 1.924500 ms)

Prepare: number of updated asset objects reloaded= 0
========================================================================
Received Import Request.
  Time since last request: 2571.483625 seconds.
  path: Assets/SceneDependencyCache/f5b5e90afca26cd1820a17b4723336f6.sceneWithBuildSettings
  artifactKey: Guid(f5b5e90afca26cd1820a17b4723336f6) Importer(2089858483,52bed625d08a7023a15481c3fbd73797)
Start importing Assets/SceneDependencyCache/f5b5e90afca26cd1820a17b4723336f6.sceneWithBuildSettings using Guid(f5b5e90afca26cd1820a17b4723336f6) Importer(2089858483,52bed625d08a7023a15481c3fbd73797) (ScriptedImporter)Opening scene 'Assets/ModularFirstPersonController/DemoScene/Demo/1stsubscne.unity additively'
Loaded scene 'Assets/ModularFirstPersonController/DemoScene/Demo/1stsubscne.unity'
	Deserialize:            22.911 ms
	Integration:            79.653 ms
	Integration of assets:  52.338 ms
	Thread Wait Time:       0.221 ms
	Total Operation Time:   155.124 ms
Baking TrapPrefabs...
UnityEngine.Debug:ExtractStackTraceNoAlloc (byte*,int,string)
UnityEngine.StackTraceUtility:ExtractStackTrace ()
UnityEngine.DebugLogHandler:Internal_Log (UnityEngine.LogType,UnityEngine.LogOption,string,UnityEngine.Object)
UnityEngine.DebugLogHandler:LogFormat (UnityEngine.LogType,UnityEngine.Object,string,object[])
UnityEngine.Logger:Log (UnityEngine.LogType,object)
UnityEngine.Debug:Log (object)
TrapPrefabsBaker:Bake (TrapPrefabsAuthoring) (at Assets/Script/ECS/TrapPrefabsAuthoring.cs:16)
Unity.Entities.Baker`1<TrapPrefabsAuthoring>:InvokeBake (Unity.Entities.IBaker/BakerExecutionState modreq(System.Runtime.InteropServices.InAttribute)&) (at ./Library/PackageCache/com.unity.entities/Unity.Entities.Hybrid/Baking/Baker.cs:2253)
Unity.Entities.BakedEntityData:ApplyBakeInstructions (Unity.Entities.Baking.BakeDependencies&,Unity.Entities.Baking.IncrementalBakingContext/IncrementalBakeInstructions,Unity.Entities.BlobAssetStore,Unity.Entities.BakingSettings,Unity.Entities.Baking.GameObjectComponents&) (at ./Library/PackageCache/com.unity.entities/Unity.Entities.Hybrid/Baking/BakedEntityData.cs:834)
Unity.Entities.BakingSystem:Bake (Unity.Entities.IncrementalBakingChangeTracker,UnityEngine.GameObject[]) (at ./Library/PackageCache/com.unity.entities/Unity.Entities.Hybrid/Baking/BakingSystem.cs:155)
Unity.Entities.BakingUtility:BakeScene (Unity.Entities.World,UnityEngine.SceneManagement.Scene,Unity.Entities.BakingSettings,bool,Unity.Entities.IncrementalBakingChangeTracker) (at ./Library/PackageCache/com.unity.entities/Unity.Entities.Hybrid/Baking/BakingUtility.cs:84)
Unity.Scenes.Editor.EditorEntityScenes:BakeAndWriteEntityScene (UnityEngine.SceneManagement.Scene,Unity.Entities.BakingSettings,System.Collections.Generic.List`1<Unity.Scenes.ReferencedUnityObjects>,Unity.Scenes.Editor.WriteEntitySceneSettings) (at ./Library/PackageCache/com.unity.entities/Unity.Scenes.Editor/EditorEntityScenes.cs:70)
Unity.Scenes.Editor.SubSceneImporter:ImportBaking (UnityEditor.AssetImporters.AssetImportContext,UnityEngine.SceneManagement.Scene,Unity.Scenes.SceneWithBuildConfigurationGUIDs,Unity.Entities.Build.IEntitiesPlayerSettings,UnityEngine.GameObject) (at ./Library/PackageCache/com.unity.entities/Unity.Scenes.Editor/SubSceneImporter.cs:123)
Unity.Scenes.Editor.SubSceneImporter:OnImportAsset (UnityEditor.AssetImporters.AssetImportContext) (at ./Library/PackageCache/com.unity.entities/Unity.Scenes.Editor/SubSceneImporter.cs:202)
UnityEditor.AssetImporters.ScriptedImporter:GenerateAssetData (UnityEditor.AssetImporters.AssetImportContext)

(Filename: Assets/Script/ECS/TrapPrefabsAuthoring.cs Line: 16)

Renderer on GameObject "Arrow_1_White" was not converted. The assigned mesh is null or no materials are assigned.
UnityEngine.Debug:ExtractStackTraceNoAlloc (byte*,int,string)
UnityEngine.StackTraceUtility:ExtractStackTrace ()
UnityEngine.DebugLogHandler:Internal_Log (UnityEngine.LogType,UnityEngine.LogOption,string,UnityEngine.Object)
UnityEngine.DebugLogHandler:LogFormat (UnityEngine.LogType,UnityEngine.Object,string,object[])
UnityEngine.Logger:Log (UnityEngine.LogType,object,UnityEngine.Object)
UnityEngine.Debug:LogWarning (object,UnityEngine.Object)
Unity.Debug:LogWarning (object,UnityEngine.Object) (at ./Library/PackageCache/com.unity.entities/Unity.Entities/Stubs/Unity/Debug.cs:22)
Unity.Rendering.MeshRendererBakingUtility:ValidateMeshAndMaterials (UnityEngine.Renderer,UnityEngine.Mesh,UnityEngine.Material[]) (at ./Library/PackageCache/com.unity.entities.graphics/Unity.Entities.Graphics/MeshRendererBakingUtility.cs:254)
Unity.Rendering.MeshRendererBakingUtility:Convert<UnityEngine.MeshRenderer> (Unity.Entities.Baker`1<UnityEngine.MeshRenderer>,UnityEngine.Renderer,UnityEngine.Mesh,Unity.Rendering.MeshRendererBakingUtility/ConversionMode,UnityEngine.Transform,Unity.Collections.NativeArray`1<Unity.Entities.Entity>&) (at ./Library/PackageCache/com.unity.entities.graphics/Unity.Entities.Graphics/MeshRendererBakingUtility.cs:119)
Unity.Rendering.MeshRendererBakingUtility:ConvertOnPrimaryEntityForSingleMaterial<UnityEngine.MeshRenderer> (Unity.Entities.Baker`1<UnityEngine.MeshRenderer>,UnityEngine.Renderer,UnityEngine.Mesh,Unity.Collections.NativeArray`1<Unity.Entities.Entity>&) (at ./Library/PackageCache/com.unity.entities.graphics/Unity.Entities.Graphics/MeshRendererBakingUtility.cs:98)
Unity.Rendering.MeshRendererBaker:Bake (UnityEngine.MeshRenderer) (at ./Library/PackageCache/com.unity.entities.graphics/Unity.Entities.Graphics/MeshRendererBaking.cs:44)
Unity.Entities.Baker`1<UnityEngine.MeshRenderer>:InvokeBake (Unity.Entities.IBaker/BakerExecutionState modreq(System.Runtime.InteropServices.InAttribute)&) (at ./Library/PackageCache/com.unity.entities/Unity.Entities.Hybrid/Baking/Baker.cs:2253)
Unity.Entities.BakedEntityData:ApplyBakeInstructions (Unity.Entities.Baking.BakeDependencies&,Unity.Entities.Baking.IncrementalBakingContext/IncrementalBakeInstructions,Unity.Entities.BlobAssetStore,Unity.Entities.BakingSettings,Unity.Entities.Baking.GameObjectComponents&) (at ./Library/PackageCache/com.unity.entities/Unity.Entities.Hybrid/Baking/BakedEntityData.cs:834)
Unity.Entities.BakingSystem:Bake (Unity.Entities.IncrementalBakingChangeTracker,UnityEngine.GameObject[]) (at ./Library/PackageCache/com.unity.entities/Unity.Entities.Hybrid/Baking/BakingSystem.cs:155)
Unity.Entities.BakingUtility:BakeScene (Unity.Entities.World,UnityEngine.SceneManagement.Scene,Unity.Entities.BakingSettings,bool,Unity.Entities.IncrementalBakingChangeTracker) (at ./Library/PackageCache/com.unity.entities/Unity.Entities.Hybrid/Baking/BakingUtility.cs:84)
Unity.Scenes.Editor.EditorEntityScenes:BakeAndWriteEntityScene (UnityEngine.SceneManagement.Scene,Unity.Entities.BakingSettings,System.Collections.Generic.List`1<Unity.Scenes.ReferencedUnityObjects>,Unity.Scenes.Editor.WriteEntitySceneSettings) (at ./Library/PackageCache/com.unity.entities/Unity.Scenes.Editor/EditorEntityScenes.cs:70)
Unity.Scenes.Editor.SubSceneImporter:ImportBaking (UnityEditor.AssetImporters.AssetImportContext,UnityEngine.SceneManagement.Scene,Unity.Scenes.SceneWithBuildConfigurationGUIDs,Unity.Entities.Build.IEntitiesPlayerSettings,UnityEngine.GameObject) (at ./Library/PackageCache/com.unity.entities/Unity.Scenes.Editor/SubSceneImporter.cs:123)
Unity.Scenes.Editor.SubSceneImporter:OnImportAsset (UnityEditor.AssetImporters.AssetImportContext) (at ./Library/PackageCache/com.unity.entities/Unity.Scenes.Editor/SubSceneImporter.cs:202)
UnityEditor.AssetImporters.ScriptedImporter:GenerateAssetData (UnityEditor.AssetImporters.AssetImportContext)

(Filename: ./Library/PackageCache/com.unity.entities/Unity.Entities/Stubs/Unity/Debug.cs Line: 22)

Renderer on GameObject "Arrow_1_White" was not converted. The assigned mesh is null or no materials are assigned.
UnityEngine.Debug:ExtractStackTraceNoAlloc (byte*,int,string)
UnityEngine.StackTraceUtility:ExtractStackTrace ()
UnityEngine.DebugLogHandler:Internal_Log (UnityEngine.LogType,UnityEngine.LogOption,string,UnityEngine.Object)
UnityEngine.DebugLogHandler:LogFormat (UnityEngine.LogType,UnityEngine.Object,string,object[])
UnityEngine.Logger:Log (UnityEngine.LogType,object,UnityEngine.Object)
UnityEngine.Debug:LogWarning (object,UnityEngine.Object)
Unity.Debug:LogWarning (object,UnityEngine.Object) (at ./Library/PackageCache/com.unity.entities/Unity.Entities/Stubs/Unity/Debug.cs:22)
Unity.Rendering.MeshRendererBakingUtility:ValidateMeshAndMaterials (UnityEngine.Renderer,UnityEngine.Mesh,UnityEngine.Material[]) (at ./Library/PackageCache/com.unity.entities.graphics/Unity.Entities.Graphics/MeshRendererBakingUtility.cs:254)
Unity.Rendering.MeshRendererBakingUtility:Convert<UnityEngine.MeshRenderer> (Unity.Entities.Baker`1<UnityEngine.MeshRenderer>,UnityEngine.Renderer,UnityEngine.Mesh,Unity.Rendering.MeshRendererBakingUtility/ConversionMode,UnityEngine.Transform,Unity.Collections.NativeArray`1<Unity.Entities.Entity>&) (at ./Library/PackageCache/com.unity.entities.graphics/Unity.Entities.Graphics/MeshRendererBakingUtility.cs:119)
Unity.Rendering.MeshRendererBakingUtility:ConvertOnPrimaryEntityForSingleMaterial<UnityEngine.MeshRenderer> (Unity.Entities.Baker`1<UnityEngine.MeshRenderer>,UnityEngine.Renderer,UnityEngine.Mesh,Unity.Collections.NativeArray`1<Unity.Entities.Entity>&) (at ./Library/PackageCache/com.unity.entities.graphics/Unity.Entities.Graphics/MeshRendererBakingUtility.cs:98)
Unity.Rendering.MeshRendererBaker:Bake (UnityEngine.MeshRenderer) (at ./Library/PackageCache/com.unity.entities.graphics/Unity.Entities.Graphics/MeshRendererBaking.cs:44)
Unity.Entities.Baker`1<UnityEngine.MeshRenderer>:InvokeBake (Unity.Entities.IBaker/BakerExecutionState modreq(System.Runtime.InteropServices.InAttribute)&) (at ./Library/PackageCache/com.unity.entities/Unity.Entities.Hybrid/Baking/Baker.cs:2253)
Unity.Entities.BakedEntityData:ApplyBakeInstructions (Unity.Entities.Baking.BakeDependencies&,Unity.Entities.Baking.IncrementalBakingContext/IncrementalBakeInstructions,Unity.Entities.BlobAssetStore,Unity.Entities.BakingSettings,Unity.Entities.Baking.GameObjectComponents&) (at ./Library/PackageCache/com.unity.entities/Unity.Entities.Hybrid/Baking/BakedEntityData.cs:834)
Unity.Entities.BakingSystem:Bake (Unity.Entities.IncrementalBakingChangeTracker,UnityEngine.GameObject[]) (at ./Library/PackageCache/com.unity.entities/Unity.Entities.Hybrid/Baking/BakingSystem.cs:171)
Unity.Entities.BakingUtility:BakeScene (Unity.Entities.World,UnityEngine.SceneManagement.Scene,Unity.Entities.BakingSettings,bool,Unity.Entities.IncrementalBakingChangeTracker) (at ./Library/PackageCache/com.unity.entities/Unity.Entities.Hybrid/Baking/BakingUtility.cs:84)
Unity.Scenes.Editor.EditorEntityScenes:BakeAndWriteEntityScene (UnityEngine.SceneManagement.Scene,Unity.Entities.BakingSettings,System.Collections.Generic.List`1<Unity.Scenes.ReferencedUnityObjects>,Unity.Scenes.Editor.WriteEntitySceneSettings) (at ./Library/PackageCache/com.unity.entities/Unity.Scenes.Editor/EditorEntityScenes.cs:70)
Unity.Scenes.Editor.SubSceneImporter:ImportBaking (UnityEditor.AssetImporters.AssetImportContext,UnityEngine.SceneManagement.Scene,Unity.Scenes.SceneWithBuildConfigurationGUIDs,Unity.Entities.Build.IEntitiesPlayerSettings,UnityEngine.GameObject) (at ./Library/PackageCache/com.unity.entities/Unity.Scenes.Editor/SubSceneImporter.cs:123)
Unity.Scenes.Editor.SubSceneImporter:OnImportAsset (UnityEditor.AssetImporters.AssetImportContext) (at ./Library/PackageCache/com.unity.entities/Unity.Scenes.Editor/SubSceneImporter.cs:202)
UnityEditor.AssetImporters.ScriptedImporter:GenerateAssetData (UnityEditor.AssetImporters.AssetImportContext)

(Filename: ./Library/PackageCache/com.unity.entities/Unity.Entities/Stubs/Unity/Debug.cs Line: 22)

 -> (artifact id: '4fe107262a3e23ad91b7d24c63db1525') in 2.3472517 seconds
Number of updated asset objects reloaded before import = 0Number of asset objects unloaded after import = 317

========================================================================
Received Prepare
Refreshing native plugins compatible for Editor in 2.75 ms, found 4 plugins.
Preloading 0 native plugins for Editor in 0.00 ms.
Unloading 17 Unused Serialized files (Serialized files now loaded: 0)
Unloading 7989 unused Assets / (4.7 MB). Loaded Objects now: 8710.
Memory consumption went from 197.7 MB to 193.0 MB.
Total: 24.169800 ms (FindLiveObjects: 2.458900 ms CreateObjectMapping: 3.513800 ms MarkObjects: 11.517900 ms  DeleteObjects: 6.676700 ms)

Prepare: number of updated asset objects reloaded= 0
========================================================================
Received Prepare
Assembly reference Packages/com.unity.entities/Unity.Scenes.Editor/Internals/Properties/Unity.Properties.Internals.asmref has no target assembly definition
Assembly reference Packages/com.unity.entities/Unity.Scenes.Editor/Internals/Properties/Unity.Properties.Internals.asmref has no target assembly definition
Begin MonoManager ReloadAssembly
Leak Detected : Persistent allocates 26 individual allocations. To find out more please enable 'Preferences > Jobs > Leak Detection Level > Enabled With Stack Trace' and reproduce the leak again.
- Loaded All Assemblies, in  1.441 seconds
Assembly reference Packages/com.unity.entities/Unity.Scenes.Editor/Internals/Properties/Unity.Properties.Internals.asmref has no target assembly definition
Refreshing native plugins compatible for Editor in 2.18 ms, found 4 plugins.
Native extension for WindowsStandalone target not found
Native extension for WebGL target not found
Assembly reference Packages/com.unity.entities/Unity.Scenes.Editor/Internals/Properties/Unity.Properties.Internals.asmref has no target assembly definition
TypeManager.Initialize took: 455ms
Mono: successfully reloaded assembly
- Finished resetting the current domain, in  1.776 seconds
Domain Reload Profiling: 3210ms
	BeginReloadAssembly (370ms)
		ExecutionOrderSort (0ms)
		DisableScriptedObjects (7ms)
		BackupInstance (0ms)
		ReleaseScriptingObjects (0ms)
		CreateAndSetChildDomain (145ms)
	RebuildCommonClasses (54ms)
	RebuildNativeTypeToScriptingClass (17ms)
	initialDomainReloadingComplete (54ms)
	LoadAllAssembliesAndSetupDomain (938ms)
		LoadAssemblies (701ms)
		RebuildTransferFunctionScriptingTraits (0ms)
		AnalyzeDomain (391ms)
			TypeCache.Refresh (28ms)
				TypeCache.ScanAssembly (8ms)
			BuildScriptInfoCaches (336ms)
			ResolveRequiredComponents (21ms)
	FinalizeReload (1776ms)
		ReleaseScriptCaches (0ms)
		RebuildScriptCaches (0ms)
		SetupLoadedEditorAssemblies (1513ms)
			LogAssemblyErrors (0ms)
			InitializePlatformSupportModulesInManaged (4ms)
			SetLoadedEditorAssemblies (7ms)
			BeforeProcessingInitializeOnLoad (201ms)
			ProcessInitializeOnLoadAttributes (1042ms)
			ProcessInitializeOnLoadMethodAttributes (245ms)
			AfterProcessingInitializeOnLoad (13ms)
			EditorAssembliesLoaded (1ms)
		ExecutionOrderSort2 (0ms)
		AwakeInstancesAfterBackupRestoration (15ms)
Refreshing native plugins compatible for Editor in 2.58 ms, found 4 plugins.
Preloading 0 native plugins for Editor in 0.00 ms.
Unloading 17 Unused Serialized files (Serialized files now loaded: 0)
Unloading 8000 unused Assets / (4.9 MB). Loaded Objects now: 8710.
Memory consumption went from 181.4 MB to 176.4 MB.
Total: 19.196400 ms (FindLiveObjects: 1.062900 ms CreateObjectMapping: 2.669100 ms MarkObjects: 10.440600 ms  DeleteObjects: 5.021700 ms)

Unloading 0 Unused Serialized files (Serialized files now loaded: 0)
Unloading 0 unused Assets / (5.8 MB). Loaded Objects now: 8710.
Memory consumption went from 176.4 MB to 170.6 MB.
Total: 10.952200 ms (FindLiveObjects: 0.773700 ms CreateObjectMapping: 0.738100 ms MarkObjects: 7.570300 ms  DeleteObjects: 1.867900 ms)

Prepare: number of updated asset objects reloaded= 0
========================================================================
Received Prepare
Refreshing native plugins compatible for Editor in 3.90 ms, found 4 plugins.
Preloading 0 native plugins for Editor in 0.00 ms.
Unloading 17 Unused Serialized files (Serialized files now loaded: 0)
Unloading 7988 unused Assets / (5.1 MB). Loaded Objects now: 8710.
Memory consumption went from 181.5 MB to 176.4 MB.
Total: 25.883900 ms (FindLiveObjects: 2.839300 ms CreateObjectMapping: 2.436400 ms MarkObjects: 14.573600 ms  DeleteObjects: 6.031200 ms)

Prepare: number of updated asset objects reloaded= 0
========================================================================
Received Prepare
Assembly reference Packages/com.unity.entities/Unity.Scenes.Editor/Internals/Properties/Unity.Properties.Internals.asmref has no target assembly definition
Assembly reference Packages/com.unity.entities/Unity.Scenes.Editor/Internals/Properties/Unity.Properties.Internals.asmref has no target assembly definition
Begin MonoManager ReloadAssembly
- Loaded All Assemblies, in  1.308 seconds
Assembly reference Packages/com.unity.entities/Unity.Scenes.Editor/Internals/Properties/Unity.Properties.Internals.asmref has no target assembly definition
Refreshing native plugins compatible for Editor in 3.26 ms, found 4 plugins.
Native extension for WindowsStandalone target not found
Native extension for WebGL target not found
Assembly reference Packages/com.unity.entities/Unity.Scenes.Editor/Internals/Properties/Unity.Properties.Internals.asmref has no target assembly definition
TypeManager.Initialize took: 517ms
Mono: successfully reloaded assembly
- Finished resetting the current domain, in  1.979 seconds
Domain Reload Profiling: 3279ms
	BeginReloadAssembly (319ms)
		ExecutionOrderSort (0ms)
		DisableScriptedObjects (8ms)
		BackupInstance (0ms)
		ReleaseScriptingObjects (0ms)
		CreateAndSetChildDomain (112ms)
	RebuildCommonClasses (45ms)
	RebuildNativeTypeToScriptingClass (16ms)
	initialDomainReloadingComplete (61ms)
	LoadAllAssembliesAndSetupDomain (858ms)
		LoadAssemblies (653ms)
		RebuildTransferFunctionScriptingTraits (0ms)
		AnalyzeDomain (345ms)
			TypeCache.Refresh (17ms)
				TypeCache.ScanAssembly (5ms)
			BuildScriptInfoCaches (305ms)
			ResolveRequiredComponents (19ms)
	FinalizeReload (1980ms)
		ReleaseScriptCaches (0ms)
		RebuildScriptCaches (0ms)
		SetupLoadedEditorAssemblies (1664ms)
			LogAssemblyErrors (0ms)
			InitializePlatformSupportModulesInManaged (4ms)
			SetLoadedEditorAssemblies (8ms)
			BeforeProcessingInitializeOnLoad (228ms)
			ProcessInitializeOnLoadAttributes (1123ms)
			ProcessInitializeOnLoadMethodAttributes (288ms)
			AfterProcessingInitializeOnLoad (12ms)
			EditorAssembliesLoaded (1ms)
		ExecutionOrderSort2 (0ms)
		AwakeInstancesAfterBackupRestoration (14ms)
Refreshing native plugins compatible for Editor in 2.81 ms, found 4 plugins.
Preloading 0 native plugins for Editor in 0.00 ms.
Unloading 17 Unused Serialized files (Serialized files now loaded: 0)
Unloading 8000 unused Assets / (5.4 MB). Loaded Objects now: 8710.
Memory consumption went from 181.4 MB to 175.9 MB.
Total: 16.498800 ms (FindLiveObjects: 1.018100 ms CreateObjectMapping: 1.674900 ms MarkObjects: 9.221600 ms  DeleteObjects: 4.581200 ms)

Unloading 0 Unused Serialized files (Serialized files now loaded: 0)
Unloading 0 unused Assets / (5.3 MB). Loaded Objects now: 8710.
Memory consumption went from 175.9 MB to 170.6 MB.
Total: 11.814200 ms (FindLiveObjects: 0.916300 ms CreateObjectMapping: 0.991100 ms MarkObjects: 8.139900 ms  DeleteObjects: 1.764500 ms)

Prepare: number of updated asset objects reloaded= 0
========================================================================
Received Import Request.
  Time since last request: 5881.633040 seconds.
  path: Assets/Settings/Build Profiles
  artifactKey: Guid(58555fd9d3e51f744a85eea2f97eec48) Importer(2089858483,192608db42251d675da83286b1cce702)
Start importing Assets/Settings/Build Profiles using Guid(58555fd9d3e51f744a85eea2f97eec48) Importer(2089858483,192608db42251d675da83286b1cce702) (ScriptedImporter) -> (artifact id: '2f5ffda5e2ba4c9b7a87f6f9f9b60a07') in 1.7154541 seconds
Number of updated asset objects reloaded before import = 2Number of asset objects unloaded after import = 1

========================================================================
Received Import Request.
  Time since last request: 0.001166 seconds.
  path: Assets/SceneDependencyCache/cfccba2d0776b72bd21337cd12d3c9cf.sceneWithBuildSettings
  artifactKey: Guid(cfccba2d0776b72bd21337cd12d3c9cf) Importer(2089858483,192608db42251d675da83286b1cce702)
Start importing Assets/SceneDependencyCache/cfccba2d0776b72bd21337cd12d3c9cf.sceneWithBuildSettings using Guid(cfccba2d0776b72bd21337cd12d3c9cf) Importer(2089858483,192608db42251d675da83286b1cce702) (ScriptedImporter) -> (artifact id: '03b979c650b14837c4a054d2f3427176') in 0.033884 seconds
Number of updated asset objects reloaded before import = 0Number of asset objects unloaded after import = 1

========================================================================
Received Import Request.
  Time since last request: 0.000041 seconds.
  path: Assets/Settings/UniversalRenderPipelineGlobalSettings.asset
  artifactKey: Guid(18dc0cd2c080841dea60987a38ce93fa) Importer(2089858483,192608db42251d675da83286b1cce702)
Start importing Assets/Settings/UniversalRenderPipelineGlobalSettings.asset using Guid(18dc0cd2c080841dea60987a38ce93fa) Importer(2089858483,192608db42251d675da83286b1cce702) (ScriptedImporter) -> (artifact id: '95c193d67d80cf5988b4d3ab19910335') in 0.4523498 seconds
Number of updated asset objects reloaded before import = 0Number of asset objects unloaded after import = 0

========================================================================
Received Import Request.
  Time since last request: 0.000046 seconds.
  path: Assets/Script/MenuUI.cs
  artifactKey: Guid(e501dbd5cdc3dc64997d3e90b1e824c7) Importer(2089858483,192608db42251d675da83286b1cce702)
Start importing Assets/Script/MenuUI.cs using Guid(e501dbd5cdc3dc64997d3e90b1e824c7) Importer(2089858483,192608db42251d675da83286b1cce702) (ScriptedImporter) -> (artifact id: '2d63e835c9d484c9d4f8ffe7440a45da') in 0.0312684 seconds
Number of updated asset objects reloaded before import = 0Number of asset objects unloaded after import = 0

========================================================================
Received Import Request.
  Time since last request: 0.000043 seconds.
  path: Assets/Settings/PC_RPAsset.asset
  artifactKey: Guid(4b83569d67af61e458304325a23e5dfd) Importer(2089858483,192608db42251d675da83286b1cce702)
Start importing Assets/Settings/PC_RPAsset.asset using Guid(4b83569d67af61e458304325a23e5dfd) Importer(2089858483,192608db42251d675da83286b1cce702) (ScriptedImporter) -> (artifact id: 'd61340aaa5ddaaec583ea07cdc9e1159') in 0.11404 seconds
Number of updated asset objects reloaded before import = 0Number of asset objects unloaded after import = 1

========================================================================
Received Import Request.
  Time since last request: 0.000028 seconds.
  path: Assets/Settings/Build Profiles/New Windows Profile 1.asset
  artifactKey: Guid(6a494b6e064f3e647af5a014651a07b2) Importer(2089858483,192608db42251d675da83286b1cce702)
Start importing Assets/Settings/Build Profiles/New Windows Profile 1.asset using Guid(6a494b6e064f3e647af5a014651a07b2) Importer(2089858483,192608db42251d675da83286b1cce702) (ScriptedImporter) -> (artifact id: '51935de88ba20f2a0678d9a5ec53ac77') in 0.4494966 seconds
Number of updated asset objects reloaded before import = 0Number of asset objects unloaded after import = 1

========================================================================
Received Import Request.
  Time since last request: 0.000068 seconds.
  path: Assets/TextMesh Pro/Examples & Extras/Resources/Fonts & Materials/Bangers SDF.asset
  artifactKey: Guid(125cb55b44b24c4393181402bc6200e6) Importer(2089858483,192608db42251d675da83286b1cce702)
Start importing Assets/TextMesh Pro/Examples & Extras/Resources/Fonts & Materials/Bangers SDF.asset using Guid(125cb55b44b24c4393181402bc6200e6) Importer(2089858483,192608db42251d675da83286b1cce702) (ScriptedImporter) -> (artifact id: 'b2dc4a81e6bc21461d86da5611e1df56') in 0.2670949 seconds
Number of updated asset objects reloaded before import = 0Number of asset objects unloaded after import = 5

Editor requested this worker to shutdown with reason: Scaling down because of idle timeout
AssetImportWorker is now disconnected from the server
Process exiting
Exiting without the bug reporter. Application will terminate with return code 0