Using pre-set license
Built from '6000.0/staging' branch; Version is '6000.0.31f1 (a206c360e2a8) revision 10618563'; Using compiler version '193933523'; Build Type 'Release'
OS: 'Windows 10  (10.0.19045) 64bit Core' Language: 'fr' Physical Memory: 15713 MB
BatchMode: 1, IsHumanControllingUs: 0, StartBugReporterOnCrash: 0, Is64bit: 1, IsPro: 1

COMMAND LINE ARGUMENTS:
C:\Program Files\Unity\Hub\Editor\6000.0.31f1\Editor\Unity.exe
-adb2
-batchMode
-noUpm
-name
AssetImportWorker9
-projectPath
C:/Users/aurel/ECS game
-logFile
Logs/AssetImportWorker9.log
-srvPort
56792
-job-worker-count
5
-background-job-worker-count
8
-gc-helper-count
1
Successfully changed project path to: C:/Users/aurel/ECS game
C:/Users/aurel/ECS game
[UnityMemory] Configuration Parameters - Can be set up in boot.config
    "memorysetup-bucket-allocator-granularity=16"
    "memorysetup-bucket-allocator-bucket-count=8"
    "memorysetup-bucket-allocator-block-size=33554432"
    "memorysetup-bucket-allocator-block-count=8"
    "memorysetup-main-allocator-block-size=16777216"
    "memorysetup-thread-allocator-block-size=16777216"
    "memorysetup-gfx-main-allocator-block-size=16777216"
    "memorysetup-gfx-thread-allocator-block-size=16777216"
    "memorysetup-cache-allocator-block-size=4194304"
    "memorysetup-typetree-allocator-block-size=2097152"
    "memorysetup-profiler-bucket-allocator-granularity=16"
    "memorysetup-profiler-bucket-allocator-bucket-count=8"
    "memorysetup-profiler-bucket-allocator-block-size=33554432"
    "memorysetup-profiler-bucket-allocator-block-count=8"
    "memorysetup-profiler-allocator-block-size=16777216"
    "memorysetup-profiler-editor-allocator-block-size=1048576"
    "memorysetup-temp-allocator-size-main=16777216"
    "memorysetup-job-temp-allocator-block-size=2097152"
    "memorysetup-job-temp-allocator-block-size-background=1048576"
    "memorysetup-job-temp-allocator-reduction-small-platforms=262144"
    "memorysetup-allocator-temp-initial-block-size-main=262144"
    "memorysetup-allocator-temp-initial-block-size-worker=262144"
    "memorysetup-temp-allocator-size-background-worker=32768"
    "memorysetup-temp-allocator-size-job-worker=262144"
    "memorysetup-temp-allocator-size-preload-manager=33554432"
    "memorysetup-temp-allocator-size-nav-mesh-worker=65536"
    "memorysetup-temp-allocator-size-audio-worker=65536"
    "memorysetup-temp-allocator-size-cloud-worker=32768"
    "memorysetup-temp-allocator-size-gi-baking-worker=262144"
    "memorysetup-temp-allocator-size-gi-baking-worker=262144"
    "memorysetup-temp-allocator-size-gi-baking-worker=262144"
    "memorysetup-temp-allocator-size-gi-baking-worker=262144"
    "memorysetup-temp-allocator-size-gi-baking-worker=262144"
    "memorysetup-temp-allocator-size-gfx=262144"
Player connection [44832]  Target information:

Player connection [44832]  * "[IP] 192.168.56.1 [Port] 0 [Flags] 2 [Guid] 1522670628 [EditorId] 1522670628 [Version] 1048832 [Id] WindowsEditor(7,DESKTOP-03JMI4G) [Debug] 1 [PackageName] WindowsEditor [ProjectName] Editor" 

Player connection [44832]  * "[IP] 10.5.0.2 [Port] 0 [Flags] 2 [Guid] 1522670628 [EditorId] 1522670628 [Version] 1048832 [Id] WindowsEditor(7,DESKTOP-03JMI4G) [Debug] 1 [PackageName] WindowsEditor [ProjectName] Editor" 

Player connection [44832]  * "[IP] 192.168.1.100 [Port] 0 [Flags] 2 [Guid] 1522670628 [EditorId] 1522670628 [Version] 1048832 [Id] WindowsEditor(7,DESKTOP-03JMI4G) [Debug] 1 [PackageName] WindowsEditor [ProjectName] Editor" 

Player connection [44832] Host joined multi-casting on [225.0.0.222:54997]...
Player connection [44832] Host joined alternative multi-casting on [225.0.0.222:34997]...
JobSystem: Creating JobQueue using job-worker-count value 5
[Physics::Module] Initialized fallback backend.
[Physics::Module] Id: 0xdecafbad
Library Redirect Path: Library/
[Physics::Module] Selected backend.
[Physics::Module] Name: PhysX
[Physics::Module] Id: 0xf2b8ea05
[Physics::Module] SDK Version: 4.1.2
[Physics::Module] Integration Version: 1.0.0
[Physics::Module] Threading Mode: Multi-Threaded
Refreshing native plugins compatible for Editor in 220.55 ms, found 4 plugins.
Preloading 0 native plugins for Editor in 0.00 ms.
Initialize engine version: 6000.0.31f1 (a206c360e2a8)
[Subsystems] Discovering subsystems at path C:/Program Files/Unity/Hub/Editor/6000.0.31f1/Editor/Data/Resources/UnitySubsystems
[Subsystems] Discovering subsystems at path C:/Users/aurel/ECS game/Assets
GfxDevice: creating device client; kGfxThreadingModeNonThreaded
Direct3D:
    Version:  Direct3D 11.0 [level 11.1]
    Renderer: AMD Radeon(TM) Graphics (ID=0x164c)
    Vendor:   ATI
    VRAM:     7856 MB
    Driver:   27.20.21020.3
Initialize mono
Mono path[0] = 'C:/Program Files/Unity/Hub/Editor/6000.0.31f1/Editor/Data/Managed'
Mono path[1] = 'C:/Program Files/Unity/Hub/Editor/6000.0.31f1/Editor/Data/MonoBleedingEdge/lib/mono/unityjit-win32'
Mono config path = 'C:/Program Files/Unity/Hub/Editor/6000.0.31f1/Editor/Data/MonoBleedingEdge/etc'
Using monoOptions --debugger-agent=transport=dt_socket,embedding=1,server=y,suspend=n,address=127.0.0.1:56108
Begin MonoManager ReloadAssembly
Registering precompiled unity dll's ...
Register platform support module: C:/Program Files/Unity/Hub/Editor/6000.0.31f1/Editor/Data/PlaybackEngines/WebGLSupport/UnityEditor.WebGL.Extensions.dll
Register platform support module: C:/Program Files/Unity/Hub/Editor/6000.0.31f1/Editor/Data/PlaybackEngines/WindowsStandaloneSupport/UnityEditor.WindowsStandalone.Extensions.dll
Registered in 0.009704 seconds.
- Loaded All Assemblies, in  2.118 seconds
Native extension for WindowsStandalone target not found
Native extension for WebGL target not found
Mono: successfully reloaded assembly
- Finished resetting the current domain, in  0.744 seconds
Domain Reload Profiling: 2856ms
	BeginReloadAssembly (310ms)
		ExecutionOrderSort (0ms)
		DisableScriptedObjects (0ms)
		BackupInstance (0ms)
		ReleaseScriptingObjects (0ms)
		CreateAndSetChildDomain (1ms)
	RebuildCommonClasses (343ms)
	RebuildNativeTypeToScriptingClass (16ms)
	initialDomainReloadingComplete (82ms)
	LoadAllAssembliesAndSetupDomain (1359ms)
		LoadAssemblies (304ms)
		RebuildTransferFunctionScriptingTraits (0ms)
		AnalyzeDomain (1355ms)
			TypeCache.Refresh (1349ms)
				TypeCache.ScanAssembly (1324ms)
			BuildScriptInfoCaches (0ms)
			ResolveRequiredComponents (5ms)
	FinalizeReload (745ms)
		ReleaseScriptCaches (0ms)
		RebuildScriptCaches (0ms)
		SetupLoadedEditorAssemblies (654ms)
			LogAssemblyErrors (0ms)
			InitializePlatformSupportModulesInManaged (46ms)
			SetLoadedEditorAssemblies (7ms)
			BeforeProcessingInitializeOnLoad (103ms)
			ProcessInitializeOnLoadAttributes (351ms)
			ProcessInitializeOnLoadMethodAttributes (147ms)
			AfterProcessingInitializeOnLoad (0ms)
			EditorAssembliesLoaded (0ms)
		ExecutionOrderSort2 (0ms)
		AwakeInstancesAfterBackupRestoration (0ms)
Assembly reference Packages/com.unity.entities/Unity.Scenes.Editor/Internals/Properties/Unity.Properties.Internals.asmref has no target assembly definition
========================================================================
Worker process is ready to serve import requests
Import Worker Mode flag is 0x00
Assembly reference Packages/com.unity.entities/Unity.Scenes.Editor/Internals/Properties/Unity.Properties.Internals.asmref has no target assembly definition
Assembly reference Packages/com.unity.entities/Unity.Scenes.Editor/Internals/Properties/Unity.Properties.Internals.asmref has no target assembly definition
Begin MonoManager ReloadAssembly
- Loaded All Assemblies, in  1.759 seconds
Assembly reference Packages/com.unity.entities/Unity.Scenes.Editor/Internals/Properties/Unity.Properties.Internals.asmref has no target assembly definition
Refreshing native plugins compatible for Editor in 4.48 ms, found 4 plugins.
Native extension for WindowsStandalone target not found
Native extension for WebGL target not found
Assembly reference Packages/com.unity.entities/Unity.Scenes.Editor/Internals/Properties/Unity.Properties.Internals.asmref has no target assembly definition
TypeManager.Initialize took: 654ms
Mono: successfully reloaded assembly
- Finished resetting the current domain, in  3.244 seconds
Domain Reload Profiling: 4991ms
	BeginReloadAssembly (252ms)
		ExecutionOrderSort (0ms)
		DisableScriptedObjects (8ms)
		BackupInstance (0ms)
		ReleaseScriptingObjects (0ms)
		CreateAndSetChildDomain (40ms)
	RebuildCommonClasses (54ms)
	RebuildNativeTypeToScriptingClass (20ms)
	initialDomainReloadingComplete (69ms)
	LoadAllAssembliesAndSetupDomain (1351ms)
		LoadAssemblies (886ms)
		RebuildTransferFunctionScriptingTraits (0ms)
		AnalyzeDomain (619ms)
			TypeCache.Refresh (462ms)
				TypeCache.ScanAssembly (316ms)
			BuildScriptInfoCaches (134ms)
			ResolveRequiredComponents (19ms)
	FinalizeReload (3246ms)
		ReleaseScriptCaches (0ms)
		RebuildScriptCaches (0ms)
		SetupLoadedEditorAssemblies (2272ms)
			LogAssemblyErrors (0ms)
			InitializePlatformSupportModulesInManaged (5ms)
			SetLoadedEditorAssemblies (9ms)
			BeforeProcessingInitializeOnLoad (274ms)
			ProcessInitializeOnLoadAttributes (1637ms)
			ProcessInitializeOnLoadMethodAttributes (332ms)
			AfterProcessingInitializeOnLoad (14ms)
			EditorAssembliesLoaded (0ms)
		ExecutionOrderSort2 (0ms)
		AwakeInstancesAfterBackupRestoration (8ms)
Launched and connected shader compiler UnityShaderCompiler.exe after 0.07 seconds
Refreshing native plugins compatible for Editor in 2.37 ms, found 4 plugins.
Preloading 0 native plugins for Editor in 0.00 ms.
Unloading 207 Unused Serialized files (Serialized files now loaded: 0)
Unloading 7899 unused Assets / (5.5 MB). Loaded Objects now: 8572.
Memory consumption went from 190.6 MB to 185.1 MB.
Total: 16.410300 ms (FindLiveObjects: 1.184100 ms CreateObjectMapping: 1.161900 ms MarkObjects: 9.697300 ms  DeleteObjects: 4.364700 ms)

========================================================================
Received Import Request.
  Time since last request: 225194.397560 seconds.
  path: Assets/AA Low Poly Medieval Environment/Prefabs/Floors/Floor_1_Brown.prefab
  artifactKey: Guid(bfe90ccb3f77ced4a887f57d8bd07d8e) Importer(815301076,1909f56bfc062723c751e8b465ee728b)
Start importing Assets/AA Low Poly Medieval Environment/Prefabs/Floors/Floor_1_Brown.prefab using Guid(bfe90ccb3f77ced4a887f57d8bd07d8e) Importer(815301076,1909f56bfc062723c751e8b465ee728b) (PreviewImporter) -> (artifact id: 'ba05095dbb3e6bbf07948cd772236998') in 0.8759511 seconds
Number of updated asset objects reloaded before import = 0Number of asset objects unloaded after import = 28

========================================================================
Received Import Request.
  Time since last request: 0.000054 seconds.
  path: Assets/AA Low Poly Medieval Environment/Prefabs/Floors/Floor_4_Red.prefab
  artifactKey: Guid(eb00756dde978624893dd710f7fdda3c) Importer(815301076,1909f56bfc062723c751e8b465ee728b)
Start importing Assets/AA Low Poly Medieval Environment/Prefabs/Floors/Floor_4_Red.prefab using Guid(eb00756dde978624893dd710f7fdda3c) Importer(815301076,1909f56bfc062723c751e8b465ee728b) (PreviewImporter) -> (artifact id: 'dd667f8a16bdc5f6673605c0d2dabb78') in 0.0481424 seconds
Number of updated asset objects reloaded before import = 0Number of asset objects unloaded after import = 28

========================================================================
Received Import Request.
  Time since last request: 0.000078 seconds.
  path: Assets/AA Low Poly Medieval Environment/Prefabs/Floors/Floor_1_White.prefab
  artifactKey: Guid(cfc6494493d325c44bec131513331947) Importer(815301076,1909f56bfc062723c751e8b465ee728b)
Start importing Assets/AA Low Poly Medieval Environment/Prefabs/Floors/Floor_1_White.prefab using Guid(cfc6494493d325c44bec131513331947) Importer(815301076,1909f56bfc062723c751e8b465ee728b) (PreviewImporter) -> (artifact id: '1023187339b79fa09e320f32890ad1c2') in 0.0475925 seconds
Number of updated asset objects reloaded before import = 0Number of asset objects unloaded after import = 28

========================================================================
Received Import Request.
  Time since last request: 4.035376 seconds.
  path: Assets/AA Low Poly Medieval Environment/Prefabs/Cauldrons/Cauldron_1_Brown.prefab
  artifactKey: Guid(52a5f55736b221046bd3175e03c931c0) Importer(815301076,1909f56bfc062723c751e8b465ee728b)
Start importing Assets/AA Low Poly Medieval Environment/Prefabs/Cauldrons/Cauldron_1_Brown.prefab using Guid(52a5f55736b221046bd3175e03c931c0) Importer(815301076,1909f56bfc062723c751e8b465ee728b) (PreviewImporter) -> (artifact id: '32367224ce29896edba02e3440be7598') in 0.0374527 seconds
Number of updated asset objects reloaded before import = 0Number of asset objects unloaded after import = 43

========================================================================
Received Import Request.
  Time since last request: 0.000032 seconds.
  path: Assets/AA Low Poly Medieval Environment/Prefabs/Cauldrons/Cauldron_2_Black.prefab
  artifactKey: Guid(8c259a682c4095841a0443d485c7cb59) Importer(815301076,1909f56bfc062723c751e8b465ee728b)
Start importing Assets/AA Low Poly Medieval Environment/Prefabs/Cauldrons/Cauldron_2_Black.prefab using Guid(8c259a682c4095841a0443d485c7cb59) Importer(815301076,1909f56bfc062723c751e8b465ee728b) (PreviewImporter) -> (artifact id: 'd794545548c40f15bdb5ce36693be97f') in 0.0362705 seconds
Number of updated asset objects reloaded before import = 0Number of asset objects unloaded after import = 43

========================================================================
Received Import Request.
  Time since last request: 0.000047 seconds.
  path: Assets/AA Low Poly Medieval Environment/Prefabs/Cauldrons/Cauldron_3_Gray.prefab
  artifactKey: Guid(8d51f5030414a10469c9909583909603) Importer(815301076,1909f56bfc062723c751e8b465ee728b)
Start importing Assets/AA Low Poly Medieval Environment/Prefabs/Cauldrons/Cauldron_3_Gray.prefab using Guid(8d51f5030414a10469c9909583909603) Importer(815301076,1909f56bfc062723c751e8b465ee728b) (PreviewImporter) -> (artifact id: 'e243d9d82ea21e674fa6f884a3589e6c') in 0.0391804 seconds
Number of updated asset objects reloaded before import = 0Number of asset objects unloaded after import = 31

========================================================================
Received Import Request.
  Time since last request: 0.000060 seconds.
  path: Assets/AA Low Poly Medieval Environment/Prefabs/Cauldrons/Cauldron_4_Gray.prefab
  artifactKey: Guid(0e6094a22e990504093fa7f69c5c1eee) Importer(815301076,1909f56bfc062723c751e8b465ee728b)
Start importing Assets/AA Low Poly Medieval Environment/Prefabs/Cauldrons/Cauldron_4_Gray.prefab using Guid(0e6094a22e990504093fa7f69c5c1eee) Importer(815301076,1909f56bfc062723c751e8b465ee728b) (PreviewImporter) -> (artifact id: '619b73ee0d4717a520931bf3ed7c2e09') in 0.0450993 seconds
Number of updated asset objects reloaded before import = 0Number of asset objects unloaded after import = 43

========================================================================
Received Import Request.
  Time since last request: 0.000058 seconds.
  path: Assets/AA Low Poly Medieval Environment/Prefabs/Cauldrons/Cauldron_2_Red.prefab
  artifactKey: Guid(6d04a2c856e113940a227b28de57bf5d) Importer(815301076,1909f56bfc062723c751e8b465ee728b)
Start importing Assets/AA Low Poly Medieval Environment/Prefabs/Cauldrons/Cauldron_2_Red.prefab using Guid(6d04a2c856e113940a227b28de57bf5d) Importer(815301076,1909f56bfc062723c751e8b465ee728b) (PreviewImporter) -> (artifact id: '7c17a9aeb342db7871a065ef8a3280a7') in 0.0410505 seconds
Number of updated asset objects reloaded before import = 0Number of asset objects unloaded after import = 43

========================================================================
Received Import Request.
  Time since last request: 0.000040 seconds.
  path: Assets/AA Low Poly Medieval Environment/Prefabs/Cauldrons/Cauldron_2_Brown.prefab
  artifactKey: Guid(b9c1e4e030a7a224a96ee37c08ff6c49) Importer(815301076,1909f56bfc062723c751e8b465ee728b)
Start importing Assets/AA Low Poly Medieval Environment/Prefabs/Cauldrons/Cauldron_2_Brown.prefab using Guid(b9c1e4e030a7a224a96ee37c08ff6c49) Importer(815301076,1909f56bfc062723c751e8b465ee728b) (PreviewImporter) -> (artifact id: 'cb1abaedc64bd923a114aef3c84e9c96') in 0.0394036 seconds
Number of updated asset objects reloaded before import = 0Number of asset objects unloaded after import = 43

========================================================================
Received Import Request.
  Time since last request: 0.000067 seconds.
  path: Assets/AA Low Poly Medieval Environment/Prefabs/Cauldrons/Cauldron_5_White.prefab
  artifactKey: Guid(ead4bfa75c542e148b7f926f39c3c6e5) Importer(815301076,1909f56bfc062723c751e8b465ee728b)
Start importing Assets/AA Low Poly Medieval Environment/Prefabs/Cauldrons/Cauldron_5_White.prefab using Guid(ead4bfa75c542e148b7f926f39c3c6e5) Importer(815301076,1909f56bfc062723c751e8b465ee728b) (PreviewImporter) -> (artifact id: 'ab9de35ea6da2ecb93c2d2807630b128') in 0.0484954 seconds
Number of updated asset objects reloaded before import = 0Number of asset objects unloaded after import = 43

========================================================================
Received Import Request.
  Time since last request: 0.000038 seconds.
  path: Assets/AA Low Poly Medieval Environment/Prefabs/Cauldrons/Cauldron_5_Black.prefab
  artifactKey: Guid(4164fc50d0a54d34cb184969dc9ca66f) Importer(815301076,1909f56bfc062723c751e8b465ee728b)
Start importing Assets/AA Low Poly Medieval Environment/Prefabs/Cauldrons/Cauldron_5_Black.prefab using Guid(4164fc50d0a54d34cb184969dc9ca66f) Importer(815301076,1909f56bfc062723c751e8b465ee728b) (PreviewImporter) -> (artifact id: '7a08fe4d6921925a75780cd29a6284ba') in 0.0457992 seconds
Number of updated asset objects reloaded before import = 0Number of asset objects unloaded after import = 43

========================================================================
Received Import Request.
  Time since last request: 0.000048 seconds.
  path: Assets/AA Low Poly Medieval Environment/Prefabs/Cauldrons/Cauldron_1_White.prefab
  artifactKey: Guid(4719fca72fb3d6041842b90a985e70b2) Importer(815301076,1909f56bfc062723c751e8b465ee728b)
Start importing Assets/AA Low Poly Medieval Environment/Prefabs/Cauldrons/Cauldron_1_White.prefab using Guid(4719fca72fb3d6041842b90a985e70b2) Importer(815301076,1909f56bfc062723c751e8b465ee728b) (PreviewImporter) -> (artifact id: '95c7582ee92a820488896416a15370b0') in 0.0412079 seconds
Number of updated asset objects reloaded before import = 0Number of asset objects unloaded after import = 43

========================================================================
Received Import Request.
  Time since last request: 0.481431 seconds.
  path: Assets/AA Low Poly Medieval Environment/Prefabs/Candles/Candle_1_Brown.prefab
  artifactKey: Guid(e2cb1204af368404fbe37294b2ce54a5) Importer(815301076,1909f56bfc062723c751e8b465ee728b)
Start importing Assets/AA Low Poly Medieval Environment/Prefabs/Candles/Candle_1_Brown.prefab using Guid(e2cb1204af368404fbe37294b2ce54a5) Importer(815301076,1909f56bfc062723c751e8b465ee728b) (PreviewImporter) -> (artifact id: '45377fad81cbf5ad36837d42abcfed19') in 0.0329179 seconds
Number of updated asset objects reloaded before import = 0Number of asset objects unloaded after import = 30

========================================================================
Received Import Request.
  Time since last request: 0.000077 seconds.
  path: Assets/AA Low Poly Medieval Environment/Prefabs/Candles/Candle_2_Black.prefab
  artifactKey: Guid(a757cf6ef0ea03746b03ec43d4f79f03) Importer(815301076,1909f56bfc062723c751e8b465ee728b)
Start importing Assets/AA Low Poly Medieval Environment/Prefabs/Candles/Candle_2_Black.prefab using Guid(a757cf6ef0ea03746b03ec43d4f79f03) Importer(815301076,1909f56bfc062723c751e8b465ee728b) (PreviewImporter) -> (artifact id: '6190dbe97ff283b8346662f259c23644') in 0.0368477 seconds
Number of updated asset objects reloaded before import = 0Number of asset objects unloaded after import = 42

========================================================================
Received Import Request.
  Time since last request: 0.000038 seconds.
  path: Assets/AA Low Poly Medieval Environment/Prefabs/Candles/Candle_3_Red.prefab
  artifactKey: Guid(8141661c00377f548b41b92fa2bc6700) Importer(815301076,1909f56bfc062723c751e8b465ee728b)
Start importing Assets/AA Low Poly Medieval Environment/Prefabs/Candles/Candle_3_Red.prefab using Guid(8141661c00377f548b41b92fa2bc6700) Importer(815301076,1909f56bfc062723c751e8b465ee728b) (PreviewImporter) -> (artifact id: 'e3c8f284bf463dfc651a48a8d4feb3bd') in 0.0361368 seconds
Number of updated asset objects reloaded before import = 0Number of asset objects unloaded after import = 43

========================================================================
Received Import Request.
  Time since last request: 0.000049 seconds.
  path: Assets/AA Low Poly Medieval Environment/Prefabs/Candles/Candle_5_Gray.prefab
  artifactKey: Guid(a22063de9bf0e9c4590fab68fc0deb52) Importer(815301076,1909f56bfc062723c751e8b465ee728b)
Start importing Assets/AA Low Poly Medieval Environment/Prefabs/Candles/Candle_5_Gray.prefab using Guid(a22063de9bf0e9c4590fab68fc0deb52) Importer(815301076,1909f56bfc062723c751e8b465ee728b) (PreviewImporter) -> (artifact id: '090df1d0565df1983d598dde286e6645') in 0.0438292 seconds
Number of updated asset objects reloaded before import = 0Number of asset objects unloaded after import = 42

========================================================================
Received Import Request.
  Time since last request: 0.000061 seconds.
  path: Assets/AA Low Poly Medieval Environment/Prefabs/Candles/Candle_3_Black.prefab
  artifactKey: Guid(dbcd467a045767244b7cde66276775bf) Importer(815301076,1909f56bfc062723c751e8b465ee728b)
Start importing Assets/AA Low Poly Medieval Environment/Prefabs/Candles/Candle_3_Black.prefab using Guid(dbcd467a045767244b7cde66276775bf) Importer(815301076,1909f56bfc062723c751e8b465ee728b) (PreviewImporter) -> (artifact id: 'd8a1718b230abe0e8e21e54a53381a1b') in 0.0405295 seconds
Number of updated asset objects reloaded before import = 0Number of asset objects unloaded after import = 43

========================================================================
Received Import Request.
  Time since last request: 0.000041 seconds.
  path: Assets/AA Low Poly Medieval Environment/Prefabs/Candles/Candle_5_Black.prefab
  artifactKey: Guid(8509663a66387de409c0e1d245db96d8) Importer(815301076,1909f56bfc062723c751e8b465ee728b)
Start importing Assets/AA Low Poly Medieval Environment/Prefabs/Candles/Candle_5_Black.prefab using Guid(8509663a66387de409c0e1d245db96d8) Importer(815301076,1909f56bfc062723c751e8b465ee728b) (PreviewImporter) -> (artifact id: '89b18ec29996da6494d0bf8b300230b1') in 0.0412518 seconds
Number of updated asset objects reloaded before import = 0Number of asset objects unloaded after import = 42

========================================================================
Received Import Request.
  Time since last request: 0.000066 seconds.
  path: Assets/AA Low Poly Medieval Environment/Prefabs/Candles/Candle_4_Black.prefab
  artifactKey: Guid(ea7f5611541239f448a8ae3c1c71c197) Importer(815301076,1909f56bfc062723c751e8b465ee728b)
Start importing Assets/AA Low Poly Medieval Environment/Prefabs/Candles/Candle_4_Black.prefab using Guid(ea7f5611541239f448a8ae3c1c71c197) Importer(815301076,1909f56bfc062723c751e8b465ee728b) (PreviewImporter) -> (artifact id: '032adf6b06fa7d20c55dbc8dc051b0fe') in 0.0434284 seconds
Number of updated asset objects reloaded before import = 0Number of asset objects unloaded after import = 55

========================================================================
Received Import Request.
  Time since last request: 0.000032 seconds.
  path: Assets/AA Low Poly Medieval Environment/Prefabs/Candles/Candle_3_White.prefab
  artifactKey: Guid(02ee9a3ddc706af4baf7fa8086808698) Importer(815301076,1909f56bfc062723c751e8b465ee728b)
Start importing Assets/AA Low Poly Medieval Environment/Prefabs/Candles/Candle_3_White.prefab using Guid(02ee9a3ddc706af4baf7fa8086808698) Importer(815301076,1909f56bfc062723c751e8b465ee728b) (PreviewImporter) -> (artifact id: '4727a5eda84d720222b8f3ebaae58bed') in 0.0355286 seconds
Number of updated asset objects reloaded before import = 0Number of asset objects unloaded after import = 43

========================================================================
Received Import Request.
  Time since last request: 2.353540 seconds.
  path: Assets/AA Low Poly Medieval Environment/Prefabs/Bridges/Bridge_1_Brown.prefab
  artifactKey: Guid(4b4b1105e06df354497e0559034b57e0) Importer(815301076,1909f56bfc062723c751e8b465ee728b)
Start importing Assets/AA Low Poly Medieval Environment/Prefabs/Bridges/Bridge_1_Brown.prefab using Guid(4b4b1105e06df354497e0559034b57e0) Importer(815301076,1909f56bfc062723c751e8b465ee728b) (PreviewImporter) -> (artifact id: '3ec57d7bc0c42459f7adab62b8eae547') in 0.0356794 seconds
Number of updated asset objects reloaded before import = 0Number of asset objects unloaded after import = 50

========================================================================
Received Import Request.
  Time since last request: 0.000039 seconds.
  path: Assets/AA Low Poly Medieval Environment/Prefabs/Bridges/Bridge_2_Black.prefab
  artifactKey: Guid(a5ec9403a0d797440a8cc85c51d4a7bb) Importer(815301076,1909f56bfc062723c751e8b465ee728b)
Start importing Assets/AA Low Poly Medieval Environment/Prefabs/Bridges/Bridge_2_Black.prefab using Guid(a5ec9403a0d797440a8cc85c51d4a7bb) Importer(815301076,1909f56bfc062723c751e8b465ee728b) (PreviewImporter) -> (artifact id: '533666715a6b0d52f09f3c3447eb294f') in 0.0391277 seconds
Number of updated asset objects reloaded before import = 0Number of asset objects unloaded after import = 65

========================================================================
Received Import Request.
  Time since last request: 0.000068 seconds.
  path: Assets/AA Low Poly Medieval Environment/Prefabs/Bridges/Bridge_2_Gray.prefab
  artifactKey: Guid(ba10e6e4878347041bfc7d67ada82358) Importer(815301076,1909f56bfc062723c751e8b465ee728b)
Start importing Assets/AA Low Poly Medieval Environment/Prefabs/Bridges/Bridge_2_Gray.prefab using Guid(ba10e6e4878347041bfc7d67ada82358) Importer(815301076,1909f56bfc062723c751e8b465ee728b) (PreviewImporter) -> (artifact id: '35d40fc4dc947ef1623068dcecf1e18b') in 0.0324394 seconds
Number of updated asset objects reloaded before import = 0Number of asset objects unloaded after import = 65

========================================================================
Received Import Request.
  Time since last request: 0.000164 seconds.
  path: Assets/AA Low Poly Medieval Environment/Prefabs/Bridges/Bridge_4_Brown.prefab
  artifactKey: Guid(4fe1b11ec284eb749b11c74fce22a2e6) Importer(815301076,1909f56bfc062723c751e8b465ee728b)
Start importing Assets/AA Low Poly Medieval Environment/Prefabs/Bridges/Bridge_4_Brown.prefab using Guid(4fe1b11ec284eb749b11c74fce22a2e6) Importer(815301076,1909f56bfc062723c751e8b465ee728b) (PreviewImporter) -> (artifact id: '0cb0e6abc4c84f1f3199d8248afa5b6f') in 0.0408894 seconds
Number of updated asset objects reloaded before import = 0Number of asset objects unloaded after import = 40

========================================================================
Received Import Request.
  Time since last request: 0.000051 seconds.
  path: Assets/AA Low Poly Medieval Environment/Prefabs/Bridges/Bridge_5_White.prefab
  artifactKey: Guid(694d6e32585f0e34f821c04c2c7954ce) Importer(815301076,1909f56bfc062723c751e8b465ee728b)
Start importing Assets/AA Low Poly Medieval Environment/Prefabs/Bridges/Bridge_5_White.prefab using Guid(694d6e32585f0e34f821c04c2c7954ce) Importer(815301076,1909f56bfc062723c751e8b465ee728b) (PreviewImporter) -> (artifact id: '87cb868e66a50dfcba28b0603fda5e2d') in 0.0434829 seconds
Number of updated asset objects reloaded before import = 0Number of asset objects unloaded after import = 74

========================================================================
Received Import Request.
  Time since last request: 0.000061 seconds.
  path: Assets/AA Low Poly Medieval Environment/Prefabs/Bridges/Bridge_2_White.prefab
  artifactKey: Guid(8d5e8d44d7c9cce40acb5dae45424812) Importer(815301076,1909f56bfc062723c751e8b465ee728b)
Start importing Assets/AA Low Poly Medieval Environment/Prefabs/Bridges/Bridge_2_White.prefab using Guid(8d5e8d44d7c9cce40acb5dae45424812) Importer(815301076,1909f56bfc062723c751e8b465ee728b) (PreviewImporter) -> (artifact id: '1a6702a6a911475935f53ef6c8c2946d') in 0.036228 seconds
Number of updated asset objects reloaded before import = 0Number of asset objects unloaded after import = 65

========================================================================
Received Import Request.
  Time since last request: 0.000080 seconds.
  path: Assets/AA Low Poly Medieval Environment/Prefabs/Bridges/Bridge_2_Brown.prefab
  artifactKey: Guid(41b13a69020d1524cb8caca0fbf29e1f) Importer(815301076,1909f56bfc062723c751e8b465ee728b)
Start importing Assets/AA Low Poly Medieval Environment/Prefabs/Bridges/Bridge_2_Brown.prefab using Guid(41b13a69020d1524cb8caca0fbf29e1f) Importer(815301076,1909f56bfc062723c751e8b465ee728b) (PreviewImporter) -> (artifact id: 'e4472a9eb76aa27a3f45c1617d1e726c') in 0.0367223 seconds
Number of updated asset objects reloaded before import = 0Number of asset objects unloaded after import = 65

========================================================================
Received Import Request.
  Time since last request: 0.000050 seconds.
  path: Assets/AA Low Poly Medieval Environment/Prefabs/Bridges/Bridge_4_Black.prefab
  artifactKey: Guid(c46c878990d6c174eb1eea795abdd902) Importer(815301076,1909f56bfc062723c751e8b465ee728b)
Start importing Assets/AA Low Poly Medieval Environment/Prefabs/Bridges/Bridge_4_Black.prefab using Guid(c46c878990d6c174eb1eea795abdd902) Importer(815301076,1909f56bfc062723c751e8b465ee728b) (PreviewImporter) -> (artifact id: '89f0c232dcc85620bf9d1bd1ae93d94b') in 0.0371598 seconds
Number of updated asset objects reloaded before import = 0Number of asset objects unloaded after import = 40

========================================================================
Received Import Request.
  Time since last request: 0.000068 seconds.
  path: Assets/AA Low Poly Medieval Environment/Prefabs/Bridges/Bridge_2_Red.prefab
  artifactKey: Guid(f7d77dfb6617ccc49b8f60e0be2e2654) Importer(815301076,1909f56bfc062723c751e8b465ee728b)
Start importing Assets/AA Low Poly Medieval Environment/Prefabs/Bridges/Bridge_2_Red.prefab using Guid(f7d77dfb6617ccc49b8f60e0be2e2654) Importer(815301076,1909f56bfc062723c751e8b465ee728b) (PreviewImporter) -> (artifact id: '7cc4fdedfb07251f09257d01009220ee') in 0.0312991 seconds
Number of updated asset objects reloaded before import = 0Number of asset objects unloaded after import = 65

========================================================================
Received Import Request.
  Time since last request: 0.000055 seconds.
  path: Assets/AA Low Poly Medieval Environment/Prefabs/Boxes/Box_1_Gray.prefab
  artifactKey: Guid(e30612f3b2b0d644888128790705de42) Importer(815301076,1909f56bfc062723c751e8b465ee728b)
Start importing Assets/AA Low Poly Medieval Environment/Prefabs/Boxes/Box_1_Gray.prefab using Guid(e30612f3b2b0d644888128790705de42) Importer(815301076,1909f56bfc062723c751e8b465ee728b) (PreviewImporter) -> (artifact id: 'a06c0242dc5463a925a483ab09272a41') in 0.0316944 seconds
Number of updated asset objects reloaded before import = 0Number of asset objects unloaded after import = 28

========================================================================
Received Import Request.
  Time since last request: 0.000060 seconds.
  path: Assets/AA Low Poly Medieval Environment/Prefabs/Boxes/Box_2_Red.prefab
  artifactKey: Guid(7a0ff5567110517418a06f427cd123ca) Importer(815301076,1909f56bfc062723c751e8b465ee728b)
Start importing Assets/AA Low Poly Medieval Environment/Prefabs/Boxes/Box_2_Red.prefab using Guid(7a0ff5567110517418a06f427cd123ca) Importer(815301076,1909f56bfc062723c751e8b465ee728b) (PreviewImporter) -> (artifact id: '2a41b859fc107ace2969a61eeae77c9e') in 0.0353617 seconds
Number of updated asset objects reloaded before import = 0Number of asset objects unloaded after import = 30

========================================================================
Received Import Request.
  Time since last request: 0.000039 seconds.
  path: Assets/AA Low Poly Medieval Environment/Prefabs/Boxes/Box_3_Red.prefab
  artifactKey: Guid(081f72d3853e7d2458fa0be941536d6e) Importer(815301076,1909f56bfc062723c751e8b465ee728b)
Start importing Assets/AA Low Poly Medieval Environment/Prefabs/Boxes/Box_3_Red.prefab using Guid(081f72d3853e7d2458fa0be941536d6e) Importer(815301076,1909f56bfc062723c751e8b465ee728b) (PreviewImporter) -> (artifact id: '20a716f8486855f547169d2cdbf1a794') in 0.0336341 seconds
Number of updated asset objects reloaded before import = 0Number of asset objects unloaded after import = 31

========================================================================
Received Import Request.
  Time since last request: 0.000043 seconds.
  path: Assets/AA Low Poly Medieval Environment/Prefabs/Boxes/Box_4_Black.prefab
  artifactKey: Guid(4a8e4a941eb3bfa42a203b85d474c923) Importer(815301076,1909f56bfc062723c751e8b465ee728b)
Start importing Assets/AA Low Poly Medieval Environment/Prefabs/Boxes/Box_4_Black.prefab using Guid(4a8e4a941eb3bfa42a203b85d474c923) Importer(815301076,1909f56bfc062723c751e8b465ee728b) (PreviewImporter) -> (artifact id: '285ecb153df97a8142a444b375878f8d') in 0.0403047 seconds
Number of updated asset objects reloaded before import = 0Number of asset objects unloaded after import = 38

========================================================================
Received Import Request.
  Time since last request: 0.000042 seconds.
  path: Assets/AA Low Poly Medieval Environment/Prefabs/Boxes/Box_3_White.prefab
  artifactKey: Guid(69b52255919f4824b9b4199001ff7833) Importer(815301076,1909f56bfc062723c751e8b465ee728b)
Start importing Assets/AA Low Poly Medieval Environment/Prefabs/Boxes/Box_3_White.prefab using Guid(69b52255919f4824b9b4199001ff7833) Importer(815301076,1909f56bfc062723c751e8b465ee728b) (PreviewImporter) -> (artifact id: '0d9f0d2df985009123920f455034ccf4') in 0.0349917 seconds
Number of updated asset objects reloaded before import = 0Number of asset objects unloaded after import = 31

========================================================================
Received Import Request.
  Time since last request: 0.000063 seconds.
  path: Assets/AA Low Poly Medieval Environment/Prefabs/Boxes/Box_4_Gray.prefab
  artifactKey: Guid(8467fb2d67c197e4ca2db69cf1344abd) Importer(815301076,1909f56bfc062723c751e8b465ee728b)
Start importing Assets/AA Low Poly Medieval Environment/Prefabs/Boxes/Box_4_Gray.prefab using Guid(8467fb2d67c197e4ca2db69cf1344abd) Importer(815301076,1909f56bfc062723c751e8b465ee728b) (PreviewImporter) -> (artifact id: '85ac7c2d15a8be77fb11caac2800e3a9') in 0.04007 seconds
Number of updated asset objects reloaded before import = 0Number of asset objects unloaded after import = 38

========================================================================
Received Import Request.
  Time since last request: 0.000072 seconds.
  path: Assets/AA Low Poly Medieval Environment/Prefabs/Boxes/Box_3_Gray.prefab
  artifactKey: Guid(4f54f85b75b25c74fb2fad94cf67f5a5) Importer(815301076,1909f56bfc062723c751e8b465ee728b)
Start importing Assets/AA Low Poly Medieval Environment/Prefabs/Boxes/Box_3_Gray.prefab using Guid(4f54f85b75b25c74fb2fad94cf67f5a5) Importer(815301076,1909f56bfc062723c751e8b465ee728b) (PreviewImporter) -> (artifact id: '31599d5d9e79b6d7a1176be8a2205998') in 0.0376532 seconds
Number of updated asset objects reloaded before import = 0Number of asset objects unloaded after import = 31

========================================================================
Received Import Request.
  Time since last request: 0.000028 seconds.
  path: Assets/AA Low Poly Medieval Environment/Prefabs/Boxes/Box_5_Gray.prefab
  artifactKey: Guid(7232100e2a78d634ba92a89c5f41972a) Importer(815301076,1909f56bfc062723c751e8b465ee728b)
Start importing Assets/AA Low Poly Medieval Environment/Prefabs/Boxes/Box_5_Gray.prefab using Guid(7232100e2a78d634ba92a89c5f41972a) Importer(815301076,1909f56bfc062723c751e8b465ee728b) (PreviewImporter) -> (artifact id: '42708dc49cd4e9e0d475f71571769386') in 0.1455266 seconds
Number of updated asset objects reloaded before import = 0Number of asset objects unloaded after import = 28

========================================================================
Received Import Request.
  Time since last request: 0.000052 seconds.
  path: Assets/AA Low Poly Medieval Environment/Prefabs/Bows/Bow_5_White.prefab
  artifactKey: Guid(0c158f7e694033744ab7a10f0558591b) Importer(815301076,1909f56bfc062723c751e8b465ee728b)
Start importing Assets/AA Low Poly Medieval Environment/Prefabs/Bows/Bow_5_White.prefab using Guid(0c158f7e694033744ab7a10f0558591b) Importer(815301076,1909f56bfc062723c751e8b465ee728b) (PreviewImporter) -> (artifact id: '35fb2667d1854c6b2852023cb15c53cb') in 0.0424016 seconds
Number of updated asset objects reloaded before import = 0Number of asset objects unloaded after import = 43

========================================================================
Received Import Request.
  Time since last request: 0.000066 seconds.
  path: Assets/AA Low Poly Medieval Environment/Prefabs/Bows/Bow_3_Red.prefab
  artifactKey: Guid(8890922194f04154997c0137bbef149f) Importer(815301076,1909f56bfc062723c751e8b465ee728b)
Start importing Assets/AA Low Poly Medieval Environment/Prefabs/Bows/Bow_3_Red.prefab using Guid(8890922194f04154997c0137bbef149f) Importer(815301076,1909f56bfc062723c751e8b465ee728b) (PreviewImporter) -> (artifact id: '262d5b6e36faad451b655d2e16152a1d') in 0.0373478 seconds
Number of updated asset objects reloaded before import = 0Number of asset objects unloaded after import = 43

========================================================================
Received Import Request.
  Time since last request: 0.000040 seconds.
  path: Assets/AA Low Poly Medieval Environment/Prefabs/Bows/Bow_4_Red.prefab
  artifactKey: Guid(41b2d3695639db44fac8019b5571ea5a) Importer(815301076,1909f56bfc062723c751e8b465ee728b)
Start importing Assets/AA Low Poly Medieval Environment/Prefabs/Bows/Bow_4_Red.prefab using Guid(41b2d3695639db44fac8019b5571ea5a) Importer(815301076,1909f56bfc062723c751e8b465ee728b) (PreviewImporter) -> (artifact id: '9dcd63042f65a700a637b9caa42c48af') in 0.0490013 seconds
Number of updated asset objects reloaded before import = 0Number of asset objects unloaded after import = 43

========================================================================
Received Import Request.
  Time since last request: 0.000034 seconds.
  path: Assets/AA Low Poly Medieval Environment/Prefabs/Boxes/Box_1_White.prefab
  artifactKey: Guid(12ba52c6de2c4ef4c8bf079ee3e996da) Importer(815301076,1909f56bfc062723c751e8b465ee728b)
Start importing Assets/AA Low Poly Medieval Environment/Prefabs/Boxes/Box_1_White.prefab using Guid(12ba52c6de2c4ef4c8bf079ee3e996da) Importer(815301076,1909f56bfc062723c751e8b465ee728b) (PreviewImporter) -> (artifact id: '61cbdd628693c8fe8be7639efa1803d4') in 0.034832 seconds
Number of updated asset objects reloaded before import = 0Number of asset objects unloaded after import = 28

========================================================================
Received Import Request.
  Time since last request: 0.000063 seconds.
  path: Assets/AA Low Poly Medieval Environment/Prefabs/Bottles/Bottle_1_Gray.prefab
  artifactKey: Guid(556a0d788d7772f4ca511cccb8b4900c) Importer(815301076,1909f56bfc062723c751e8b465ee728b)
Start importing Assets/AA Low Poly Medieval Environment/Prefabs/Bottles/Bottle_1_Gray.prefab using Guid(556a0d788d7772f4ca511cccb8b4900c) Importer(815301076,1909f56bfc062723c751e8b465ee728b) (PreviewImporter) -> (artifact id: 'd631b55daecdebb5c11fab1067efb47c') in 0.0319438 seconds
Number of updated asset objects reloaded before import = 0Number of asset objects unloaded after import = 30

========================================================================
Received Import Request.
  Time since last request: 0.000053 seconds.
  path: Assets/AA Low Poly Medieval Environment/Prefabs/Bows/Bow_3_Black.prefab
  artifactKey: Guid(3778b424d85d3c2409088f4e64603ee0) Importer(815301076,1909f56bfc062723c751e8b465ee728b)
Start importing Assets/AA Low Poly Medieval Environment/Prefabs/Bows/Bow_3_Black.prefab using Guid(3778b424d85d3c2409088f4e64603ee0) Importer(815301076,1909f56bfc062723c751e8b465ee728b) (PreviewImporter) -> (artifact id: 'c40288f0ccc6a8e1ae5af08b21d26a9d') in 0.0379286 seconds
Number of updated asset objects reloaded before import = 0Number of asset objects unloaded after import = 43

========================================================================
Received Import Request.
  Time since last request: 0.000037 seconds.
  path: Assets/AA Low Poly Medieval Environment/Prefabs/Bows/Bow_5_Black.prefab
  artifactKey: Guid(cc4415b647e0dd040be28ca06788a51d) Importer(815301076,1909f56bfc062723c751e8b465ee728b)
Start importing Assets/AA Low Poly Medieval Environment/Prefabs/Bows/Bow_5_Black.prefab using Guid(cc4415b647e0dd040be28ca06788a51d) Importer(815301076,1909f56bfc062723c751e8b465ee728b) (PreviewImporter) -> (artifact id: '30c753442cac9f80b25bf86f6205218c') in 0.0430621 seconds
Number of updated asset objects reloaded before import = 0Number of asset objects unloaded after import = 43

========================================================================
Received Import Request.
  Time since last request: 0.975072 seconds.
  path: Assets/AA Low Poly Medieval Environment/Prefabs/Books/Book_1_Brown.prefab
  artifactKey: Guid(a19e9647649bcaf4ca56141ddca17659) Importer(815301076,1909f56bfc062723c751e8b465ee728b)
Start importing Assets/AA Low Poly Medieval Environment/Prefabs/Books/Book_1_Brown.prefab using Guid(a19e9647649bcaf4ca56141ddca17659) Importer(815301076,1909f56bfc062723c751e8b465ee728b) (PreviewImporter) -> (artifact id: '884d78d4d15992ffa66781f657ed6466') in 0.0332021 seconds
Number of updated asset objects reloaded before import = 0Number of asset objects unloaded after import = 48

========================================================================
Received Import Request.
  Time since last request: 0.000059 seconds.
  path: Assets/AA Low Poly Medieval Environment/Prefabs/Books/Book_2_Black.prefab
  artifactKey: Guid(b7d26c53a6b114a47865ae0df7f93501) Importer(815301076,1909f56bfc062723c751e8b465ee728b)
Start importing Assets/AA Low Poly Medieval Environment/Prefabs/Books/Book_2_Black.prefab using Guid(b7d26c53a6b114a47865ae0df7f93501) Importer(815301076,1909f56bfc062723c751e8b465ee728b) (PreviewImporter) -> (artifact id: '2bf9c2aab2759a3d96d7abd366734e9c') in 0.0468411 seconds
Number of updated asset objects reloaded before import = 0Number of asset objects unloaded after import = 38

========================================================================
Received Import Request.
  Time since last request: 0.000047 seconds.
  path: Assets/AA Low Poly Medieval Environment/Prefabs/Books/Book_3_Black.prefab
  artifactKey: Guid(0770060464204eb4eb144354352ebf30) Importer(815301076,1909f56bfc062723c751e8b465ee728b)
Start importing Assets/AA Low Poly Medieval Environment/Prefabs/Books/Book_3_Black.prefab using Guid(0770060464204eb4eb144354352ebf30) Importer(815301076,1909f56bfc062723c751e8b465ee728b) (PreviewImporter) -> (artifact id: '990ce8a47795dfd824526033eaf60e3c') in 0.0349477 seconds
Number of updated asset objects reloaded before import = 0Number of asset objects unloaded after import = 48

========================================================================
Received Import Request.
  Time since last request: 0.000042 seconds.
  path: Assets/AA Low Poly Medieval Environment/Prefabs/Books/Book_4_Black.prefab
  artifactKey: Guid(a4c682cd2a68ea942b64d5cc59fc4fa2) Importer(815301076,1909f56bfc062723c751e8b465ee728b)
Start importing Assets/AA Low Poly Medieval Environment/Prefabs/Books/Book_4_Black.prefab using Guid(a4c682cd2a68ea942b64d5cc59fc4fa2) Importer(815301076,1909f56bfc062723c751e8b465ee728b) (PreviewImporter) -> (artifact id: '1c492166e074441e3cf2d531ae597365') in 0.0395422 seconds
Number of updated asset objects reloaded before import = 0Number of asset objects unloaded after import = 38

========================================================================
Received Import Request.
  Time since last request: 0.000039 seconds.
  path: Assets/AA Low Poly Medieval Environment/Prefabs/Books/Book_5_White.prefab
  artifactKey: Guid(f2d8eb3db1861cb4ba8acd18893496da) Importer(815301076,1909f56bfc062723c751e8b465ee728b)
Start importing Assets/AA Low Poly Medieval Environment/Prefabs/Books/Book_5_White.prefab using Guid(f2d8eb3db1861cb4ba8acd18893496da) Importer(815301076,1909f56bfc062723c751e8b465ee728b) (PreviewImporter) -> (artifact id: 'bfb8016cfa039ef70259baa1528e3f6a') in 0.0457127 seconds
Number of updated asset objects reloaded before import = 0Number of asset objects unloaded after import = 38

========================================================================
Received Import Request.
  Time since last request: 0.000046 seconds.
  path: Assets/AA Low Poly Medieval Environment/Prefabs/Books/Book_1_Red.prefab
  artifactKey: Guid(d50c20034b7a7e64cb9e22e99f71ba47) Importer(815301076,1909f56bfc062723c751e8b465ee728b)
Start importing Assets/AA Low Poly Medieval Environment/Prefabs/Books/Book_1_Red.prefab using Guid(d50c20034b7a7e64cb9e22e99f71ba47) Importer(815301076,1909f56bfc062723c751e8b465ee728b) (PreviewImporter) -> (artifact id: '634827020382776647508a9c00a5ac02') in 0.0412184 seconds
Number of updated asset objects reloaded before import = 0Number of asset objects unloaded after import = 48

========================================================================
Received Import Request.
  Time since last request: 0.000068 seconds.
  path: Assets/AA Low Poly Medieval Environment/Prefabs/Books/Book_4_White.prefab
  artifactKey: Guid(e36cae2cc6151e743aa30e7506a08904) Importer(815301076,1909f56bfc062723c751e8b465ee728b)
Start importing Assets/AA Low Poly Medieval Environment/Prefabs/Books/Book_4_White.prefab using Guid(e36cae2cc6151e743aa30e7506a08904) Importer(815301076,1909f56bfc062723c751e8b465ee728b) (PreviewImporter) -> (artifact id: 'c9aa2dc2c203200b4338fa3717b583db') in 0.0384073 seconds
Number of updated asset objects reloaded before import = 0Number of asset objects unloaded after import = 38

========================================================================
Received Import Request.
  Time since last request: 0.000033 seconds.
  path: Assets/AA Low Poly Medieval Environment/Prefabs/Books/Book_3_Red.prefab
  artifactKey: Guid(f3ef587f07fb13247b5233f17c767631) Importer(815301076,1909f56bfc062723c751e8b465ee728b)
Start importing Assets/AA Low Poly Medieval Environment/Prefabs/Books/Book_3_Red.prefab using Guid(f3ef587f07fb13247b5233f17c767631) Importer(815301076,1909f56bfc062723c751e8b465ee728b) (PreviewImporter) -> (artifact id: 'e971b5bcffaf55a0e65cf26349d91b12') in 0.0349891 seconds
Number of updated asset objects reloaded before import = 0Number of asset objects unloaded after import = 48

========================================================================
Received Import Request.
  Time since last request: 0.000045 seconds.
  path: Assets/AA Low Poly Medieval Environment/Prefabs/Barrels/Barrel_1_Brown.prefab
  artifactKey: Guid(c7903959e719d834b96e3c859fb11fc8) Importer(815301076,1909f56bfc062723c751e8b465ee728b)
Start importing Assets/AA Low Poly Medieval Environment/Prefabs/Barrels/Barrel_1_Brown.prefab using Guid(c7903959e719d834b96e3c859fb11fc8) Importer(815301076,1909f56bfc062723c751e8b465ee728b) (PreviewImporter) -> (artifact id: '611441728fee30ed39190180857f2ac5') in 0.0312363 seconds
Number of updated asset objects reloaded before import = 0Number of asset objects unloaded after import = 31

========================================================================
Received Import Request.
  Time since last request: 0.000051 seconds.
  path: Assets/AA Low Poly Medieval Environment/Prefabs/Barrels/Barrel_1_Gray.prefab
  artifactKey: Guid(37fc275b813c4554ab4b6a46f249865b) Importer(815301076,1909f56bfc062723c751e8b465ee728b)
Start importing Assets/AA Low Poly Medieval Environment/Prefabs/Barrels/Barrel_1_Gray.prefab using Guid(37fc275b813c4554ab4b6a46f249865b) Importer(815301076,1909f56bfc062723c751e8b465ee728b) (PreviewImporter) -> (artifact id: 'd19dcfc7a8c8d2afa1978e14dec389a2') in 0.033224 seconds
Number of updated asset objects reloaded before import = 0Number of asset objects unloaded after import = 31

========================================================================
Received Import Request.
  Time since last request: 0.000045 seconds.
  path: Assets/AA Low Poly Medieval Environment/Prefabs/Barrels/Barrel_2_White.prefab
  artifactKey: Guid(ba4ef434d64f9b644aaf9faf953fbcbd) Importer(815301076,1909f56bfc062723c751e8b465ee728b)
Start importing Assets/AA Low Poly Medieval Environment/Prefabs/Barrels/Barrel_2_White.prefab using Guid(ba4ef434d64f9b644aaf9faf953fbcbd) Importer(815301076,1909f56bfc062723c751e8b465ee728b) (PreviewImporter) -> (artifact id: '5830ba689a1811a09439779436e94b87') in 0.0394416 seconds
Number of updated asset objects reloaded before import = 0Number of asset objects unloaded after import = 41

========================================================================
Received Import Request.
  Time since last request: 0.000032 seconds.
  path: Assets/AA Low Poly Medieval Environment/Prefabs/Barrels/Barrel_5_Brown.prefab
  artifactKey: Guid(6d525e59136db434fb70f9a09df2ad57) Importer(815301076,1909f56bfc062723c751e8b465ee728b)
Start importing Assets/AA Low Poly Medieval Environment/Prefabs/Barrels/Barrel_5_Brown.prefab using Guid(6d525e59136db434fb70f9a09df2ad57) Importer(815301076,1909f56bfc062723c751e8b465ee728b) (PreviewImporter) -> (artifact id: 'b243981d0cc0555cf20aca7bfa3dbcca') in 0.0425196 seconds
Number of updated asset objects reloaded before import = 0Number of asset objects unloaded after import = 42

========================================================================
Received Import Request.
  Time since last request: 0.000042 seconds.
  path: Assets/AA Low Poly Medieval Environment/Prefabs/Barrels/Barrel_4_Black.prefab
  artifactKey: Guid(ed7b6d01e59b3e34a9cafffccd310fa3) Importer(815301076,1909f56bfc062723c751e8b465ee728b)
Start importing Assets/AA Low Poly Medieval Environment/Prefabs/Barrels/Barrel_4_Black.prefab using Guid(ed7b6d01e59b3e34a9cafffccd310fa3) Importer(815301076,1909f56bfc062723c751e8b465ee728b) (PreviewImporter) -> (artifact id: 'ddde4859031eccbe3583c6d8956f97c9') in 0.0608204 seconds
Number of updated asset objects reloaded before import = 0Number of asset objects unloaded after import = 41

========================================================================
Received Import Request.
  Time since last request: 0.000070 seconds.
  path: Assets/AA Low Poly Medieval Environment/Prefabs/Barrels/Barrel_3_Brown.prefab
  artifactKey: Guid(b10b81dcbb50ce341802c2a3982e45ba) Importer(815301076,1909f56bfc062723c751e8b465ee728b)
Start importing Assets/AA Low Poly Medieval Environment/Prefabs/Barrels/Barrel_3_Brown.prefab using Guid(b10b81dcbb50ce341802c2a3982e45ba) Importer(815301076,1909f56bfc062723c751e8b465ee728b) (PreviewImporter) -> (artifact id: 'e8c760a54d3585074e10afa33850e26b') in 0.0417296 seconds
Number of updated asset objects reloaded before import = 0Number of asset objects unloaded after import = 41

========================================================================
Received Import Request.
  Time since last request: 0.000045 seconds.
  path: Assets/AA Low Poly Medieval Environment/Prefabs/Barrels/Barrel_4_Red.prefab
  artifactKey: Guid(d45574e45ba3b4e44aaea0784760d298) Importer(815301076,1909f56bfc062723c751e8b465ee728b)
Start importing Assets/AA Low Poly Medieval Environment/Prefabs/Barrels/Barrel_4_Red.prefab using Guid(d45574e45ba3b4e44aaea0784760d298) Importer(815301076,1909f56bfc062723c751e8b465ee728b) (PreviewImporter) -> (artifact id: '64f092a97b41aa487246c073613a2180') in 0.0425917 seconds
Number of updated asset objects reloaded before import = 0Number of asset objects unloaded after import = 41

========================================================================
Received Import Request.
  Time since last request: 0.000063 seconds.
  path: Assets/AA Low Poly Medieval Environment/Prefabs/Barrels/Barrel_5_Gray.prefab
  artifactKey: Guid(9c71d7b56988d97418936920753791b3) Importer(815301076,1909f56bfc062723c751e8b465ee728b)
Start importing Assets/AA Low Poly Medieval Environment/Prefabs/Barrels/Barrel_5_Gray.prefab using Guid(9c71d7b56988d97418936920753791b3) Importer(815301076,1909f56bfc062723c751e8b465ee728b) (PreviewImporter) -> (artifact id: 'fc2660778ae7bc9500c32452b229f782') in 0.0411654 seconds
Number of updated asset objects reloaded before import = 0Number of asset objects unloaded after import = 42

========================================================================
Received Import Request.
  Time since last request: 0.027969 seconds.
  path: Assets/AA Low Poly Medieval Environment/Prefabs/Banners/Banner_2_White.prefab
  artifactKey: Guid(94cc8e90e065a5049b5c96473e0b89b8) Importer(815301076,1909f56bfc062723c751e8b465ee728b)
Start importing Assets/AA Low Poly Medieval Environment/Prefabs/Banners/Banner_2_White.prefab using Guid(94cc8e90e065a5049b5c96473e0b89b8) Importer(815301076,1909f56bfc062723c751e8b465ee728b) (PreviewImporter) -> (artifact id: 'fd4291111d3e17d8cdc9538b911ab80e') in 0.0392721 seconds
Number of updated asset objects reloaded before import = 0Number of asset objects unloaded after import = 43

========================================================================
Received Import Request.
  Time since last request: 0.000034 seconds.
  path: Assets/AA Low Poly Medieval Environment/Prefabs/Banners/Banner_3_Gray.prefab
  artifactKey: Guid(be5a18fa082dd0349b20256ec9f4494a) Importer(815301076,1909f56bfc062723c751e8b465ee728b)
Start importing Assets/AA Low Poly Medieval Environment/Prefabs/Banners/Banner_3_Gray.prefab using Guid(be5a18fa082dd0349b20256ec9f4494a) Importer(815301076,1909f56bfc062723c751e8b465ee728b) (PreviewImporter) -> (artifact id: '91f62e1ce41f3571f2f2e0ce6e45060a') in 0.0540176 seconds
Number of updated asset objects reloaded before import = 0Number of asset objects unloaded after import = 55

========================================================================
Received Import Request.
  Time since last request: 0.000056 seconds.
  path: Assets/AA Low Poly Medieval Environment/Prefabs/Banners/Banner_5_Black.prefab
  artifactKey: Guid(7ffa658bd5b7c8546a07f68d9a5072a7) Importer(815301076,1909f56bfc062723c751e8b465ee728b)
Start importing Assets/AA Low Poly Medieval Environment/Prefabs/Banners/Banner_5_Black.prefab using Guid(7ffa658bd5b7c8546a07f68d9a5072a7) Importer(815301076,1909f56bfc062723c751e8b465ee728b) (PreviewImporter) -> (artifact id: 'e9be46227bf07be04cf50e8e4982ed84') in 0.0407921 seconds
Number of updated asset objects reloaded before import = 0Number of asset objects unloaded after import = 31

========================================================================
Received Import Request.
  Time since last request: 0.000078 seconds.
  path: Assets/AA Low Poly Medieval Environment/Prefabs/Banners/Banner_4_Red.prefab
  artifactKey: Guid(d21b894cbe8ba7b48a82dff983b6455e) Importer(815301076,1909f56bfc062723c751e8b465ee728b)
Start importing Assets/AA Low Poly Medieval Environment/Prefabs/Banners/Banner_4_Red.prefab using Guid(d21b894cbe8ba7b48a82dff983b6455e) Importer(815301076,1909f56bfc062723c751e8b465ee728b) (PreviewImporter) -> (artifact id: '6e2c71a79d408d583bb956b80f14e0db') in 0.03937 seconds
Number of updated asset objects reloaded before import = 0Number of asset objects unloaded after import = 43

========================================================================
Received Import Request.
  Time since last request: 0.000035 seconds.
  path: Assets/AA Low Poly Medieval Environment/Prefabs/Banners/Banner_5_White.prefab
  artifactKey: Guid(75f0cb2188d79ac49a75f9f6f8d875bf) Importer(815301076,1909f56bfc062723c751e8b465ee728b)
Start importing Assets/AA Low Poly Medieval Environment/Prefabs/Banners/Banner_5_White.prefab using Guid(75f0cb2188d79ac49a75f9f6f8d875bf) Importer(815301076,1909f56bfc062723c751e8b465ee728b) (PreviewImporter) -> (artifact id: '5e4363e511aabf4b32795bff1f571b42') in 0.0503654 seconds
Number of updated asset objects reloaded before import = 0Number of asset objects unloaded after import = 31

========================================================================
Received Import Request.
  Time since last request: 0.000040 seconds.
  path: Assets/AA Low Poly Medieval Environment/Prefabs/Banners/Banner_3_White.prefab
  artifactKey: Guid(6f595718f258b774ca180a1a6becad08) Importer(815301076,1909f56bfc062723c751e8b465ee728b)
Start importing Assets/AA Low Poly Medieval Environment/Prefabs/Banners/Banner_3_White.prefab using Guid(6f595718f258b774ca180a1a6becad08) Importer(815301076,1909f56bfc062723c751e8b465ee728b) (PreviewImporter) -> (artifact id: 'ae891057dfb775b34ee60de8f32a767c') in 0.0353783 seconds
Number of updated asset objects reloaded before import = 0Number of asset objects unloaded after import = 55

========================================================================
Received Import Request.
  Time since last request: 19.244389 seconds.
  path: Assets/A_piece_of_nature/Prefabs/Pine_tree.prefab
  artifactKey: Guid(13b7e8cd7a91041429d22d89f4bc4c4c) Importer(815301076,1909f56bfc062723c751e8b465ee728b)
Start importing Assets/A_piece_of_nature/Prefabs/Pine_tree.prefab using Guid(13b7e8cd7a91041429d22d89f4bc4c4c) Importer(815301076,1909f56bfc062723c751e8b465ee728b) (PreviewImporter) -> (artifact id: '397b34f65f3633642301bec566be004f') in 0.1379447 seconds
Number of updated asset objects reloaded before import = 0Number of asset objects unloaded after import = 19

========================================================================
Received Import Request.
  Time since last request: 0.000037 seconds.
  path: Assets/A_piece_of_nature/Prefabs/Rock_4.prefab
  artifactKey: Guid(5116c59172cfeca41b485df692d44961) Importer(815301076,1909f56bfc062723c751e8b465ee728b)
Start importing Assets/A_piece_of_nature/Prefabs/Rock_4.prefab using Guid(5116c59172cfeca41b485df692d44961) Importer(815301076,1909f56bfc062723c751e8b465ee728b) (PreviewImporter) -> (artifact id: '7af83eca82c355491cf744ae5728d42d') in 0.0483228 seconds
Number of updated asset objects reloaded before import = 0Number of asset objects unloaded after import = 19

========================================================================
Received Import Request.
  Time since last request: 20.338304 seconds.
  path: Assets/Low Poly Woods/Materials/ForestMaterial.mat
  artifactKey: Guid(3af969f68616a194cb44137d0e98b797) Importer(815301076,1909f56bfc062723c751e8b465ee728b)
Start importing Assets/Low Poly Woods/Materials/ForestMaterial.mat using Guid(3af969f68616a194cb44137d0e98b797) Importer(815301076,1909f56bfc062723c751e8b465ee728b) (PreviewImporter) -> (artifact id: '6517bdeb660bf796beb9a595d6d984d2') in 0.0859441 seconds
Number of updated asset objects reloaded before import = 0Number of asset objects unloaded after import = 5

========================================================================
Received Import Request.
  Time since last request: 0.000097 seconds.
  path: Assets/Low Poly Woods/Materials/PumpkinEmissions.mat
  artifactKey: Guid(342f2e11d77580f408560fb330410f43) Importer(815301076,1909f56bfc062723c751e8b465ee728b)
Start importing Assets/Low Poly Woods/Materials/PumpkinEmissions.mat using Guid(342f2e11d77580f408560fb330410f43) Importer(815301076,1909f56bfc062723c751e8b465ee728b) (PreviewImporter) -> (artifact id: 'f8cc1d7eb301aa832be5051721ef9c82') in 7.4822862 seconds
Number of updated asset objects reloaded before import = 0Number of asset objects unloaded after import = 5

========================================================================
Received Import Request.
  Time since last request: 0.000044 seconds.
  path: Assets/Low Poly Woods/Materials/Moon.mat
  artifactKey: Guid(fe837ce972b5b9d4b9dded4a35eafb11) Importer(815301076,1909f56bfc062723c751e8b465ee728b)
Start importing Assets/Low Poly Woods/Materials/Moon.mat using Guid(fe837ce972b5b9d4b9dded4a35eafb11) Importer(815301076,1909f56bfc062723c751e8b465ee728b) (PreviewImporter) -> (artifact id: 'b21b29eefbdd56110e1548a97fbe201e') in 0.0265812 seconds
Number of updated asset objects reloaded before import = 0Number of asset objects unloaded after import = 1

========================================================================
Received Import Request.
  Time since last request: 0.000035 seconds.
  path: Assets/Low Poly Woods/Prefabs/Blender models/Only for scene
  artifactKey: Guid(ce490bb0b76b0f64986178672860ce9d) Importer(815301076,1909f56bfc062723c751e8b465ee728b)
Start importing Assets/Low Poly Woods/Prefabs/Blender models/Only for scene using Guid(ce490bb0b76b0f64986178672860ce9d) Importer(815301076,1909f56bfc062723c751e8b465ee728b) (PreviewImporter) -> (artifact id: 'b47c06446fc109ae08fc448b0e006670') in 0.0015243 seconds
Number of updated asset objects reloaded before import = 0Number of asset objects unloaded after import = 0

========================================================================
Received Import Request.
  Time since last request: 0.000036 seconds.
  path: Assets/Low Poly Woods/Materials/SnowMaterial.mat
  artifactKey: Guid(1880ccfc26792324e9fc49e0751f2b0e) Importer(815301076,1909f56bfc062723c751e8b465ee728b)
Start importing Assets/Low Poly Woods/Materials/SnowMaterial.mat using Guid(1880ccfc26792324e9fc49e0751f2b0e) Importer(815301076,1909f56bfc062723c751e8b465ee728b) (PreviewImporter) -> (artifact id: 'c7950ad28f78788b3f76763b79a0ac5d') in 5.5226046 seconds
Number of updated asset objects reloaded before import = 0Number of asset objects unloaded after import = 5

========================================================================
Received Import Request.
  Time since last request: 190.870484 seconds.
  path: Assets/prefab/ECS/Axe_2_White 1.prefab
  artifactKey: Guid(851688b14e40dfd47a66e5430393a8e7) Importer(815301076,1909f56bfc062723c751e8b465ee728b)
Start importing Assets/prefab/ECS/Axe_2_White 1.prefab using Guid(851688b14e40dfd47a66e5430393a8e7) Importer(815301076,1909f56bfc062723c751e8b465ee728b) (PreviewImporter) -> (artifact id: '301380628619398f69df3b28366c7a68') in 0.0618166 seconds
Number of updated asset objects reloaded before import = 0Number of asset objects unloaded after import = 44

========================================================================
Received Import Request.
  Time since last request: 0.000046 seconds.
  path: Assets/prefab/ECS/Tree_1_Red.prefab
  artifactKey: Guid(86ca0c53aa35aa947874bff73b08c83f) Importer(815301076,1909f56bfc062723c751e8b465ee728b)
Start importing Assets/prefab/ECS/Tree_1_Red.prefab using Guid(86ca0c53aa35aa947874bff73b08c83f) Importer(815301076,1909f56bfc062723c751e8b465ee728b) (PreviewImporter) -> (artifact id: 'fc15f5b01a69764b95d4e5d1394f5e4e') in 0.0555443 seconds
Number of updated asset objects reloaded before import = 0Number of asset objects unloaded after import = 44

========================================================================
Received Import Request.
  Time since last request: 0.000071 seconds.
  path: Assets/prefab/ECS/Sword_1_White.prefab
  artifactKey: Guid(db23d918cc0ae5447a2d37fb342f3937) Importer(815301076,1909f56bfc062723c751e8b465ee728b)
Start importing Assets/prefab/ECS/Sword_1_White.prefab using Guid(db23d918cc0ae5447a2d37fb342f3937) Importer(815301076,1909f56bfc062723c751e8b465ee728b) (PreviewImporter) -> (artifact id: 'a8ee6dc3a430a86a61c340d64a92d2d1') in 0.0378593 seconds
Number of updated asset objects reloaded before import = 0Number of asset objects unloaded after import = 43

Editor requested this worker to shutdown with reason: Scaling down because of idle timeout
AssetImportWorker is now disconnected from the server
Process exiting
Exiting without the bug reporter. Application will terminate with return code 0